1711387999|DanielSiepmann|A|/templateinheritance.rst/templateinheritance.rst
1711388000|DanielSiepmann|A|/templateinheritance.rst/issue_5445.issue|FF0000
1711388249|DanielSiepmann|D|/templateinheritance.rst/issue_5445.issue
1711670715|jtrinh27|A|/sessions.py/issue_5448.issue|FF0000
1711670715|jtrinh27|A|/CHANGES.rst/issue_5448.issue|FF0000
1712515350|jtrinh27|D|/sessions.py/issue_5448.issue
1712515350|jtrinh27|D|/CHANGES.rst/issue_5448.issue
1712685049|azmeuk|A|/config.rst/issue_5462.issue|FF0000
1714494158|bookernath|A|/CHANGES.rst/issue_5472.issue|FF0000
1714494158|bookernath|A|/test_basic.py/issue_5472.issue|FF0000
1714494158|bookernath|A|/app.py/issue_5472.issue|FF0000
1714494158|bookernath|A|/config.rst/issue_5472.issue|FF0000
1714494158|bookernath|A|/sessions.py/issue_5472.issue|FF0000
1716658034|azmeuk|D|/config.rst/issue_5462.issue
1718899546|liffiton|A|/blueprints.py/issue_5504.issue|FF0000
1718899546|liffiton|A|/test_helpers.py/issue_5504.issue|FF0000
1718899546|liffiton|A|/app.py/issue_5504.issue|FF0000
1718899546|liffiton|A|/CHANGES.rst/issue_5504.issue|FF0000
1720561529|gaburn|A|/tests-min.txt/tests-min.txt
1720561529|gaburn|A|/tests-min.in/tests-min.in
1720561530|gaburn|A|/pyproject.toml/issue_5523.issue|FF0000
1720561530|gaburn|A|/tests-min.txt/issue_5523.issue|FF0000
1720561530|gaburn|A|/CHANGES.rst/issue_5523.issue|FF0000
1720561530|gaburn|A|/tests-min.in/issue_5523.issue|FF0000
1720562673|gaburn|D|/pyproject.toml/issue_5523.issue
1720562673|gaburn|D|/tests-min.txt/issue_5523.issue
1720562673|gaburn|D|/CHANGES.rst/issue_5523.issue
1720562673|gaburn|D|/tests-min.in/issue_5523.issue
1720664207|liffiton|D|/blueprints.py/issue_5504.issue
1720664207|liffiton|D|/test_helpers.py/issue_5504.issue
1720664207|liffiton|D|/app.py/issue_5504.issue
1720664207|liffiton|D|/CHANGES.rst/issue_5504.issue
1722400178|pygeek|A|/tox.ini/tox.ini
1722400179|pygeek|A|/tox.ini/issue_5537.issue|FF0000
1722984769|brendon-codes|A|/app.py/issue_5543.issue|FF0000
1722984769|brendon-codes|A|/CHANGES.rst/issue_5543.issue|FF0000
1722986268|brendon-codes|A|/blueprints.py/issue_5545.issue|FF0000
1722986268|brendon-codes|A|/CHANGES.rst/issue_5545.issue|FF0000
1722988979|brendon-codes|A|/helpers.py/issue_5547.issue|FF0000
1722988979|brendon-codes|A|/CHANGES.rst/issue_5547.issue|FF0000
1722990566|brendon-codes|D|/app.py/issue_5543.issue
1722990566|brendon-codes|D|/CHANGES.rst/issue_5543.issue
1722990610|brendon-codes|D|/blueprints.py/issue_5545.issue
1722990610|brendon-codes|D|/CHANGES.rst/issue_5545.issue
1722990620|brendon-codes|D|/helpers.py/issue_5547.issue
1722990620|brendon-codes|D|/CHANGES.rst/issue_5547.issue
1722992197|brendon-codes|A|/helpers.py/issue_5549.issue|FF0000
1722992197|brendon-codes|A|/CHANGES.rst/issue_5549.issue|FF0000
1722992197|brendon-codes|A|/wrappers.py/issue_5549.issue|FF0000
1722992197|brendon-codes|A|/app.py/issue_5549.issue|FF0000
1722992197|brendon-codes|A|/views.py/issue_5549.issue|FF0000
1722992197|brendon-codes|A|/blueprints.py/issue_5549.issue|FF0000
1722992197|brendon-codes|A|/cli.py/issue_5549.issue|FF0000
1722992197|brendon-codes|A|/testing.py/issue_5549.issue|FF0000
1723703500|rsyring|A|/.pre-commit-config.yaml/.pre-commit-config.yaml
1723703501|rsyring|A|/CHANGES.rst/issue_5553.issue|FF0000
1723703501|rsyring|A|/test_basic.py/issue_5553.issue|FF0000
1723703501|rsyring|A|/app.py/issue_5553.issue|FF0000
1723703501|rsyring|A|/config.rst/issue_5553.issue|FF0000
1723703501|rsyring|A|/test_blueprints.py/issue_5553.issue|FF0000
1723703501|rsyring|A|/.pre-commit-config.yaml/issue_5553.issue|FF0000
1724258338|sblondon|A|/LICENSE.txt/LICENSE.txt
1724258338|sblondon|A|/db.py/db.py
1724258338|sblondon|A|/test_js_example.py/test_js_example.py
1724258339|sblondon|A|/pyproject.toml/issue_5556.issue|FF0000
1724258339|sblondon|A|/database.rst/issue_5556.issue|FF0000
1724258339|sblondon|A|/LICENSE.txt/issue_5556.issue|FF0000
1724258339|sblondon|A|/pyproject.toml/issue_5556.issue|FF0000
1724258339|sblondon|A|/db.py/issue_5556.issue|FF0000
1724258339|sblondon|A|/LICENSE.txt/issue_5556.issue|FF0000
1724258339|sblondon|A|/pyproject.toml/issue_5556.issue|FF0000
1724258339|sblondon|A|/test_js_example.py/issue_5556.issue|FF0000
1729806910|brendon-codes|D|/helpers.py/issue_5549.issue
1729806910|brendon-codes|D|/CHANGES.rst/issue_5549.issue
1729806910|brendon-codes|D|/wrappers.py/issue_5549.issue
1729806910|brendon-codes|D|/app.py/issue_5549.issue
1729806910|brendon-codes|D|/views.py/issue_5549.issue
1729806910|brendon-codes|D|/blueprints.py/issue_5549.issue
1729806910|brendon-codes|D|/cli.py/issue_5549.issue
1729806910|brendon-codes|D|/testing.py/issue_5549.issue
1729806935|pygeek|D|/tox.ini/issue_5537.issue
1729864209|CanaryWharf|A|/typing_app_decorators.py/typing_app_decorators.py
1729864209|CanaryWharf|A|/typing_error_handler.py/typing_error_handler.py
1729864209|CanaryWharf|A|/typing_route.py/typing_route.py
1729864209|CanaryWharf|A|/sessions.py/sessions.py
1729864210|CanaryWharf|A|/CHANGES.rst/issue_5621.issue|FF0000
1729864210|CanaryWharf|A|/test_basic.py/issue_5621.issue|FF0000
1729864210|CanaryWharf|A|/typing_app_decorators.py/issue_5621.issue|FF0000
1729864210|CanaryWharf|A|/app.py/issue_5621.issue|FF0000
1729864210|CanaryWharf|A|/typing_error_handler.py/issue_5621.issue|FF0000
1729864210|CanaryWharf|A|/config.rst/issue_5621.issue|FF0000
1729864210|CanaryWharf|A|/typing_route.py/issue_5621.issue|FF0000
1729864210|CanaryWharf|A|/pyproject.toml/issue_5621.issue|FF0000
1729864210|CanaryWharf|A|/sessions.py/issue_5621.issue|FF0000
1730405985|davidism|A|/test_basic.py/test_basic.py
1730405985|davidism|A|/wrappers.py/wrappers.py
1730405986|davidism|A|/CHANGES.rst/issue_5625.issue|FF0000
1730405986|davidism|A|/test_request.py/issue_5625.issue|FF0000
1730405986|davidism|A|/test_basic.py/issue_5625.issue|FF0000
1730405986|davidism|A|/web-security.rst/issue_5625.issue|FF0000
1730405986|davidism|A|/wrappers.py/issue_5625.issue|FF0000
1730405986|davidism|A|/app.py/issue_5625.issue|FF0000
1730405986|davidism|A|/config.rst/issue_5625.issue|FF0000
1730492497|davidism|D|/CHANGES.rst/issue_5625.issue
1730492497|davidism|D|/test_request.py/issue_5625.issue
1730492497|davidism|D|/test_basic.py/issue_5625.issue
1730492497|davidism|D|/web-security.rst/issue_5625.issue
1730492497|davidism|D|/wrappers.py/issue_5625.issue
1730492497|davidism|D|/app.py/issue_5625.issue
1730492497|davidism|D|/config.rst/issue_5625.issue
1730503599|bookernath|D|/CHANGES.rst/issue_5472.issue
1730503599|bookernath|D|/test_basic.py/issue_5472.issue
1730503599|bookernath|D|/app.py/issue_5472.issue
1730503599|bookernath|D|/config.rst/issue_5472.issue
1730503599|bookernath|D|/sessions.py/issue_5472.issue
1730509622|sblondon|D|/pyproject.toml/issue_5556.issue
1730509622|sblondon|D|/database.rst/issue_5556.issue
1730509622|sblondon|D|/LICENSE.txt/issue_5556.issue
1730509622|sblondon|D|/pyproject.toml/issue_5556.issue
1730509622|sblondon|D|/db.py/issue_5556.issue
1730509622|sblondon|D|/LICENSE.txt/issue_5556.issue
1730509622|sblondon|D|/pyproject.toml/issue_5556.issue
1730509622|sblondon|D|/test_js_example.py/issue_5556.issue
1730914455|davidism|A|/test_cli.py/test_cli.py
1730914455|davidism|A|/.customenv/.customenv
1730914456|davidism|A|/test_cli.py/issue_5628.issue|FF0000
1730914456|davidism|A|/.customenv/issue_5628.issue|FF0000
1730914456|davidism|A|/cli.py/issue_5628.issue|FF0000
1730914456|davidism|A|/CHANGES.rst/issue_5628.issue|FF0000
1731009388|davidism|D|/test_cli.py/issue_5628.issue
1731009388|davidism|D|/.customenv/issue_5628.issue
1731009388|davidism|D|/cli.py/issue_5628.issue
1731009388|davidism|D|/CHANGES.rst/issue_5628.issue
1731082565|CanaryWharf|D|/CHANGES.rst/issue_5621.issue
1731082565|CanaryWharf|D|/test_basic.py/issue_5621.issue
1731082565|CanaryWharf|D|/typing_app_decorators.py/issue_5621.issue
1731082565|CanaryWharf|D|/app.py/issue_5621.issue
1731082565|CanaryWharf|D|/typing_error_handler.py/issue_5621.issue
1731082565|CanaryWharf|D|/config.rst/issue_5621.issue
1731082565|CanaryWharf|D|/typing_route.py/issue_5621.issue
1731082565|CanaryWharf|D|/pyproject.toml/issue_5621.issue
1731082565|CanaryWharf|D|/sessions.py/issue_5621.issue
1731435220|rsyring|D|/CHANGES.rst/issue_5553.issue
1731435220|rsyring|D|/test_basic.py/issue_5553.issue
1731435220|rsyring|D|/app.py/issue_5553.issue
1731435220|rsyring|D|/config.rst/issue_5553.issue
1731435220|rsyring|D|/test_blueprints.py/issue_5553.issue
1731435220|rsyring|D|/.pre-commit-config.yaml/issue_5553.issue
1731462561|davidism|A|/test_request.py/test_request.py
1731462562|davidism|A|/config.rst/issue_5636.issue|FF0000
1731462562|davidism|A|/app.py/issue_5636.issue|FF0000
1731462562|davidism|A|/CHANGES.rst/issue_5636.issue|FF0000
1731462562|davidism|A|/test_request.py/issue_5636.issue|FF0000
1731474204|davidism|D|/config.rst/issue_5636.issue
1731474204|davidism|D|/app.py/issue_5636.issue
1731474204|davidism|D|/CHANGES.rst/issue_5636.issue
1731474204|davidism|D|/test_request.py/issue_5636.issue
1731515285|davidism|A|/globals.py/globals.py
1731515285|davidism|A|/tests.rst/tests.rst
1731515285|davidism|A|/extensiondev.rst/extensiondev.rst
1731515285|davidism|A|/design.rst/design.rst
1731515285|davidism|A|/database.rst/database.rst
1731515285|davidism|A|/reqcontext.rst/reqcontext.rst
1731515285|davidism|A|/shell.rst/shell.rst
1731515285|davidism|A|/sqlalchemy.rst/sqlalchemy.rst
1731515285|davidism|A|/appcontext.rst/appcontext.rst
1731515285|davidism|A|/quickstart.rst/quickstart.rst
1731515285|davidism|A|/api.rst/api.rst
1731515285|davidism|A|/testing.rst/testing.rst
1731515285|davidism|A|/index.rst/index.rst
1731515285|davidism|A|/sqlite3.rst/sqlite3.rst
1731515285|davidism|A|/streaming.rst/streaming.rst
1731515285|davidism|A|/blog.rst/blog.rst
1731515285|davidism|A|/views.rst/views.rst
1731515285|davidism|A|/lifecycle.rst/lifecycle.rst
1731515285|davidism|A|/debughelpers.py/debughelpers.py
1731515285|davidism|A|/templates.rst/templates.rst
1731515285|davidism|A|/signals.rst/signals.rst
1731515286|davidism|A|/globals.py/issue_5639.issue|FF0000
1731515286|davidism|A|/__init__.py/issue_5639.issue|FF0000
1731515286|davidism|A|/tests.rst/issue_5639.issue|FF0000
1731515286|davidism|A|/extensiondev.rst/issue_5639.issue|FF0000
1731515286|davidism|A|/design.rst/issue_5639.issue|FF0000
1731515286|davidism|A|/database.rst/issue_5639.issue|FF0000
1731515286|davidism|A|/reqcontext.rst/issue_5639.issue|FF0000
1731515286|davidism|A|/CHANGES.rst/issue_5639.issue|FF0000
1731515286|davidism|A|/helpers.py/issue_5639.issue|FF0000
1731515286|davidism|A|/shell.rst/issue_5639.issue|FF0000
1731515286|davidism|A|/templating.py/issue_5639.issue|FF0000
1731515286|davidism|A|/sqlalchemy.rst/issue_5639.issue|FF0000
1731515286|davidism|A|/cli.py/issue_5639.issue|FF0000
1731515286|davidism|A|/appcontext.rst/issue_5639.issue|FF0000
1731515286|davidism|A|/quickstart.rst/issue_5639.issue|FF0000
1731515286|davidism|A|/scaffold.py/issue_5639.issue|FF0000
1731515286|davidism|A|/api.rst/issue_5639.issue|FF0000
1731515286|davidism|A|/testing.rst/issue_5639.issue|FF0000
1731515286|davidism|A|/app.py/issue_5639.issue|FF0000
1731515286|davidism|A|/ctx.py/issue_5639.issue|FF0000
1731515286|davidism|A|/index.rst/issue_5639.issue|FF0000
1731515286|davidism|A|/app.py/issue_5639.issue|FF0000
1731515286|davidism|A|/sqlite3.rst/issue_5639.issue|FF0000
1731515286|davidism|A|/streaming.rst/issue_5639.issue|FF0000
1731515286|davidism|A|/blog.rst/issue_5639.issue|FF0000
1731515286|davidism|A|/views.rst/issue_5639.issue|FF0000
1731515286|davidism|A|/lifecycle.rst/issue_5639.issue|FF0000
1731515286|davidism|A|/debughelpers.py/issue_5639.issue|FF0000
1731515286|davidism|A|/templates.rst/issue_5639.issue|FF0000
1731515286|davidism|A|/signals.rst/issue_5639.issue|FF0000
1732018461|loewexy|A|/testing.py/issue_5645.issue|FF0000
1732018461|loewexy|A|/CHANGES.rst/issue_5645.issue|FF0000
1732413185|loewexy|D|/testing.py/issue_5645.issue
1732413185|loewexy|D|/CHANGES.rst/issue_5645.issue
1738047445|dunkmann00|A|/cli.py/issue_5673.issue|FF0000
1738047445|dunkmann00|A|/CHANGES.rst/issue_5673.issue|FF0000
1740893353|AluminumAngel|A|/favicon.rst/issue_5686.issue|FF0000
1740893552|AluminumAngel|D|/favicon.rst/issue_5686.issue
1740895491|AluminumAngel|A|/favicon.rst/favicon.rst
1740895492|AluminumAngel|A|/favicon.rst/issue_5688.issue|FF0000
1741453010|asottile|A|/__init__.py/__init__.py
1741453011|asottile|A|/__init__.py/issue_5691.issue|FF0000
1742382533|befeleme|A|/contributing.doctree/contributing.doctree
1742382533|befeleme|A|/waitress.doctree/waitress.doctree
1742382533|befeleme|A|/mod_wsgi.doctree/mod_wsgi.doctree
1742382533|befeleme|A|/proxy_fix.doctree/proxy_fix.doctree
1742382533|befeleme|A|/index.doctree/index.doctree
1742382533|befeleme|A|/changes.doctree/changes.doctree
1742382533|befeleme|A|/gunicorn.doctree/gunicorn.doctree
1742382533|befeleme|A|/blueprints.doctree/blueprints.doctree
1742382533|befeleme|A|/api.doctree/api.doctree
1742382533|befeleme|A|/test_instance_config.py/test_instance_config.py
1742382533|befeleme|A|/debugging.doctree/debugging.doctree
1742382533|befeleme|A|/asgi.doctree/asgi.doctree
1742382533|befeleme|A|/nginx.doctree/nginx.doctree
1742382533|befeleme|A|/conftest.py/conftest.py
1742382533|befeleme|A|/license.doctree/license.doctree
1742382533|befeleme|A|/config.doctree/config.doctree
1742382533|befeleme|A|/.buildinfo/.buildinfo
1742382533|befeleme|A|/extensions.doctree/extensions.doctree
1742382533|befeleme|A|/apache-httpd.doctree/apache-httpd.doctree
1742382533|befeleme|A|/installation.doctree/installation.doctree
1742382533|befeleme|A|/extensiondev.doctree/extensiondev.doctree
1742382533|befeleme|A|/lifecycle.doctree/lifecycle.doctree
1742382533|befeleme|A|/async-await.doctree/async-await.doctree
1742382533|befeleme|A|/appcontext.doctree/appcontext.doctree
1742382533|befeleme|A|/eventlet.doctree/eventlet.doctree
1742382533|befeleme|A|/design.doctree/design.doctree
1742382533|befeleme|A|/gevent.doctree/gevent.doctree
1742382533|befeleme|A|/errorhandling.doctree/errorhandling.doctree
1742382533|befeleme|A|/environment.pickle/environment.pickle
1742382533|befeleme|A|/cli.doctree/cli.doctree
1742382533|befeleme|A|/uwsgi.doctree/uwsgi.doctree
1742382534|befeleme|A|/contributing.doctree/issue_5692.issue|FF0000
1742382534|befeleme|A|/waitress.doctree/issue_5692.issue|FF0000
1742382534|befeleme|A|/mod_wsgi.doctree/issue_5692.issue|FF0000
1742382534|befeleme|A|/proxy_fix.doctree/issue_5692.issue|FF0000
1742382534|befeleme|A|/index.doctree/issue_5692.issue|FF0000
1742382534|befeleme|A|/changes.doctree/issue_5692.issue|FF0000
1742382534|befeleme|A|/gunicorn.doctree/issue_5692.issue|FF0000
1742382534|befeleme|A|/blueprints.doctree/issue_5692.issue|FF0000
1742382534|befeleme|A|/api.doctree/issue_5692.issue|FF0000
1742382534|befeleme|A|/test_instance_config.py/issue_5692.issue|FF0000
1742382534|befeleme|A|/debugging.doctree/issue_5692.issue|FF0000
1742382534|befeleme|A|/asgi.doctree/issue_5692.issue|FF0000
1742382534|befeleme|A|/nginx.doctree/issue_5692.issue|FF0000
1742382534|befeleme|A|/conftest.py/issue_5692.issue|FF0000
1742382534|befeleme|A|/license.doctree/issue_5692.issue|FF0000
1742382534|befeleme|A|/config.doctree/issue_5692.issue|FF0000
1742382534|befeleme|A|/.buildinfo/issue_5692.issue|FF0000
1742382534|befeleme|A|/extensions.doctree/issue_5692.issue|FF0000
1742382534|befeleme|A|/apache-httpd.doctree/issue_5692.issue|FF0000
1742382534|befeleme|A|/installation.doctree/issue_5692.issue|FF0000
1742382534|befeleme|A|/extensiondev.doctree/issue_5692.issue|FF0000
1742382534|befeleme|A|/lifecycle.doctree/issue_5692.issue|FF0000
1742382534|befeleme|A|/index.doctree/issue_5692.issue|FF0000
1742382534|befeleme|A|/async-await.doctree/issue_5692.issue|FF0000
1742382534|befeleme|A|/appcontext.doctree/issue_5692.issue|FF0000
1742382534|befeleme|A|/eventlet.doctree/issue_5692.issue|FF0000
1742382534|befeleme|A|/design.doctree/issue_5692.issue|FF0000
1742382534|befeleme|A|/gevent.doctree/issue_5692.issue|FF0000
1742382534|befeleme|A|/errorhandling.doctree/issue_5692.issue|FF0000
1742382534|befeleme|A|/environment.pickle/issue_5692.issue|FF0000
1742382534|befeleme|A|/cli.doctree/issue_5692.issue|FF0000
1742382534|befeleme|A|/uwsgi.doctree/issue_5692.issue|FF0000
1743286526|dunkmann00|D|/cli.py/issue_5673.issue
1743286526|dunkmann00|D|/CHANGES.rst/issue_5673.issue
1743287313|asottile|D|/__init__.py/issue_5691.issue
1743287556|AluminumAngel|D|/favicon.rst/issue_5688.issue
1743288322|befeleme|D|/contributing.doctree/issue_5692.issue
1743288322|befeleme|D|/waitress.doctree/issue_5692.issue
1743288322|befeleme|D|/mod_wsgi.doctree/issue_5692.issue
1743288322|befeleme|D|/proxy_fix.doctree/issue_5692.issue
1743288322|befeleme|D|/index.doctree/issue_5692.issue
1743288322|befeleme|D|/changes.doctree/issue_5692.issue
1743288322|befeleme|D|/gunicorn.doctree/issue_5692.issue
1743288322|befeleme|D|/blueprints.doctree/issue_5692.issue
1743288322|befeleme|D|/api.doctree/issue_5692.issue
1743288322|befeleme|D|/test_instance_config.py/issue_5692.issue
1743288322|befeleme|D|/debugging.doctree/issue_5692.issue
1743288322|befeleme|D|/asgi.doctree/issue_5692.issue
1743288322|befeleme|D|/nginx.doctree/issue_5692.issue
1743288322|befeleme|D|/conftest.py/issue_5692.issue
1743288322|befeleme|D|/license.doctree/issue_5692.issue
1743288322|befeleme|D|/config.doctree/issue_5692.issue
1743288322|befeleme|D|/.buildinfo/issue_5692.issue
1743288322|befeleme|D|/extensions.doctree/issue_5692.issue
1743288322|befeleme|D|/apache-httpd.doctree/issue_5692.issue
1743288322|befeleme|D|/installation.doctree/issue_5692.issue
1743288322|befeleme|D|/extensiondev.doctree/issue_5692.issue
1743288322|befeleme|D|/lifecycle.doctree/issue_5692.issue
1743288322|befeleme|D|/index.doctree/issue_5692.issue
1743288322|befeleme|D|/async-await.doctree/issue_5692.issue
1743288322|befeleme|D|/appcontext.doctree/issue_5692.issue
1743288322|befeleme|D|/eventlet.doctree/issue_5692.issue
1743288322|befeleme|D|/design.doctree/issue_5692.issue
1743288322|befeleme|D|/gevent.doctree/issue_5692.issue
1743288322|befeleme|D|/errorhandling.doctree/issue_5692.issue
1743288322|befeleme|D|/environment.pickle/issue_5692.issue
1743288322|befeleme|D|/cli.doctree/issue_5692.issue
1743288322|befeleme|D|/uwsgi.doctree/issue_5692.issue
1743926720|tomasz-pankowski|A|/app.py/issue_5709.issue|FF0000
1743926720|tomasz-pankowski|A|/CHANGES.rst/issue_5709.issue|FF0000
1744048831|tomasz-pankowski|D|/app.py/issue_5709.issue
1744048831|tomasz-pankowski|D|/CHANGES.rst/issue_5709.issue
1744602789|BrookeYangRui|A|/web-security.rst/issue_5718.issue|FF0000
1747038780|alexwlchan|A|/test_template_filters.py/test_template_filters.py
1747038780|alexwlchan|A|/templating.rst/templating.rst
1747038780|alexwlchan|A|/test_templating.py/test_templating.py
1747038780|alexwlchan|A|/test_decorator_no_parens.py/test_decorator_no_parens.py
1747038780|alexwlchan|A|/test_blueprints.py/test_blueprints.py
1747038780|alexwlchan|A|/requirements.txt/requirements.txt
1747038780|alexwlchan|A|/.readthedocs.yaml/.readthedocs.yaml
1747038781|alexwlchan|A|/CHANGES.rst/issue_5729.issue|FF0000
1747038781|alexwlchan|A|/test_template_filters.py/issue_5729.issue|FF0000
1747038781|alexwlchan|A|/contributing.rst/issue_5729.issue|FF0000
1747038781|alexwlchan|A|/templating.rst/issue_5729.issue|FF0000
1747038781|alexwlchan|A|/test_templating.py/issue_5729.issue|FF0000
1747038781|alexwlchan|A|/test_decorator_no_parens.py/issue_5729.issue|FF0000
1747038781|alexwlchan|A|/test_blueprints.py/issue_5729.issue|FF0000
1747038781|alexwlchan|A|/app.py/issue_5729.issue|FF0000
1747038781|alexwlchan|A|/blueprints.py/issue_5729.issue|FF0000
1747038781|alexwlchan|A|/requirements.txt/issue_5729.issue|FF0000
1747038781|alexwlchan|A|/.readthedocs.yaml/issue_5729.issue|FF0000
1747738116|Tobey|A|/blueprints.py/blueprints.py
1747738116|Tobey|A|/scaffold.py/scaffold.py
1747738117|Tobey|A|/app.py/issue_5738.issue|FF0000
1747738117|Tobey|A|/blueprints.py/issue_5738.issue|FF0000
1747738117|Tobey|A|/app.py/issue_5738.issue|FF0000
1747738117|Tobey|A|/blueprints.py/issue_5738.issue|FF0000
1747738117|Tobey|A|/scaffold.py/issue_5738.issue|FF0000
1747743506|Tobey|D|/app.py/issue_5738.issue
1747743506|Tobey|D|/blueprints.py/issue_5738.issue
1747743506|Tobey|D|/app.py/issue_5738.issue
1747743506|Tobey|D|/blueprints.py/issue_5738.issue
1747743506|Tobey|D|/scaffold.py/issue_5738.issue
1752613738|nkouevda-patreon|A|/test_helpers.py/issue_5774.issue|FF0000
1752613738|nkouevda-patreon|A|/app.py/issue_5774.issue|FF0000
1752613738|nkouevda-patreon|A|/helpers.py/issue_5774.issue|FF0000
1752613738|nkouevda-patreon|A|/CHANGES.rst/issue_5774.issue|FF0000
1752656788|tvuotila|A|/test_helpers.py/test_helpers.py
1752656788|tvuotila|A|/helpers.py/helpers.py
1752656789|tvuotila|A|/test_helpers.py/issue_5776.issue|FF0000
1752656789|tvuotila|A|/helpers.py/issue_5776.issue|FF0000
1752656789|tvuotila|A|/CHANGES.rst/issue_5776.issue|FF0000
1753742911|nicholasaraj|A|/scrolltop.css/scrolltop.css
1753742911|nicholasaraj|A|/scrolltop.js/scrolltop.js
1753742912|nicholasaraj|A|/scrolltop.css/issue_5784.issue|FF0000
1753742912|nicholasaraj|A|/conf.py/issue_5784.issue|FF0000
1753742912|nicholasaraj|A|/scrolltop.js/issue_5784.issue|FF0000
1753867084|okovpashko|A|/test_testing.py/test_testing.py
1753867084|okovpashko|A|/testing.py/testing.py
1753867085|okovpashko|A|/test_testing.py/issue_5786.issue|FF0000
1753867085|okovpashko|A|/testing.py/issue_5786.issue|FF0000
1753867085|okovpashko|A|/CHANGES.rst/issue_5786.issue|FF0000
1753987639|nicholasaraj|D|/scrolltop.css/issue_5784.issue
1753987639|nicholasaraj|D|/conf.py/issue_5784.issue
1753987639|nicholasaraj|D|/scrolltop.js/issue_5784.issue
1755536209|okovpashko|D|/test_testing.py/issue_5786.issue
1755536209|okovpashko|D|/testing.py/issue_5786.issue
1755536209|okovpashko|D|/CHANGES.rst/issue_5786.issue
1755537985|tvuotila|D|/test_helpers.py/issue_5776.issue
1755537985|tvuotila|D|/helpers.py/issue_5776.issue
1755537985|tvuotila|D|/CHANGES.rst/issue_5776.issue
1755542827|BrookeYangRui|D|/web-security.rst/issue_5718.issue
1755617046|nkouevda-patreon|D|/test_helpers.py/issue_5774.issue
1755617046|nkouevda-patreon|D|/app.py/issue_5774.issue
1755617046|nkouevda-patreon|D|/helpers.py/issue_5774.issue
1755617046|nkouevda-patreon|D|/CHANGES.rst/issue_5774.issue
1755632161|alexwlchan|D|/CHANGES.rst/issue_5729.issue
1755632161|alexwlchan|D|/test_template_filters.py/issue_5729.issue
1755632161|alexwlchan|D|/contributing.rst/issue_5729.issue
1755632161|alexwlchan|D|/templating.rst/issue_5729.issue
1755632161|alexwlchan|D|/test_templating.py/issue_5729.issue
1755632161|alexwlchan|D|/test_decorator_no_parens.py/issue_5729.issue
1755632161|alexwlchan|D|/test_blueprints.py/issue_5729.issue
1755632161|alexwlchan|D|/app.py/issue_5729.issue
1755632161|alexwlchan|D|/blueprints.py/issue_5729.issue
1755632161|alexwlchan|D|/requirements.txt/issue_5729.issue
1755632161|alexwlchan|D|/.readthedocs.yaml/issue_5729.issue
1757787596|davidism|A|/test_subclassing.py/test_subclassing.py
1757787596|davidism|A|/templating.py/templating.py
1757787596|davidism|A|/test_reqctx.py/test_reqctx.py
1757787596|davidism|A|/ctx.py/ctx.py
1757787597|davidism|A|/test_subclassing.py/issue_5815.issue|FF0000
1757787597|davidism|A|/CHANGES.rst/issue_5815.issue|FF0000
1757787597|davidism|A|/templating.py/issue_5815.issue|FF0000
1757787597|davidism|A|/app.py/issue_5815.issue|FF0000
1757787597|davidism|A|/test_reqctx.py/issue_5815.issue|FF0000
1757787597|davidism|A|/ctx.py/issue_5815.issue|FF0000
1757867895|davidism|A|/test_deprecations.py/test_deprecations.py
1757867896|davidism|A|/app.py/issue_5816.issue|FF0000
1757867896|davidism|A|/app.py/issue_5816.issue|FF0000
1757867896|davidism|A|/CHANGES.rst/issue_5816.issue|FF0000
1757867896|davidism|A|/test_deprecations.py/issue_5816.issue|FF0000
1758025713|awoimbee|A|/async-await.rst/issue_5817.issue|FF0000
1758325528|davidism|D|/globals.py/issue_5639.issue
1758325528|davidism|D|/__init__.py/issue_5639.issue
1758325528|davidism|D|/tests.rst/issue_5639.issue
1758325528|davidism|D|/extensiondev.rst/issue_5639.issue
1758325528|davidism|D|/design.rst/issue_5639.issue
1758325528|davidism|D|/database.rst/issue_5639.issue
1758325528|davidism|D|/reqcontext.rst/issue_5639.issue
1758325528|davidism|D|/CHANGES.rst/issue_5639.issue
1758325528|davidism|D|/helpers.py/issue_5639.issue
1758325528|davidism|D|/shell.rst/issue_5639.issue
1758325528|davidism|D|/templating.py/issue_5639.issue
1758325528|davidism|D|/sqlalchemy.rst/issue_5639.issue
1758325528|davidism|D|/cli.py/issue_5639.issue
1758325528|davidism|D|/appcontext.rst/issue_5639.issue
1758325528|davidism|D|/quickstart.rst/issue_5639.issue
1758325528|davidism|D|/scaffold.py/issue_5639.issue
1758325528|davidism|D|/api.rst/issue_5639.issue
1758325528|davidism|D|/testing.rst/issue_5639.issue
1758325528|davidism|D|/app.py/issue_5639.issue
1758325528|davidism|D|/ctx.py/issue_5639.issue
1758325528|davidism|D|/index.rst/issue_5639.issue
1758325528|davidism|D|/app.py/issue_5639.issue
1758325528|davidism|D|/sqlite3.rst/issue_5639.issue
1758325528|davidism|D|/streaming.rst/issue_5639.issue
1758325528|davidism|D|/blog.rst/issue_5639.issue
1758325528|davidism|D|/views.rst/issue_5639.issue
1758325528|davidism|D|/lifecycle.rst/issue_5639.issue
1758325528|davidism|D|/debughelpers.py/issue_5639.issue
1758325528|davidism|D|/templates.rst/issue_5639.issue
1758325528|davidism|D|/signals.rst/issue_5639.issue
1759851718|elafonta|A|/javascript.rst/javascript.rst
1759851719|elafonta|A|/javascript.rst/issue_5825.issue|FF0000
1761422918|dotlambda|A|/default.nix/default.nix
1761422918|dotlambda|A|/core.py/core.py
1761422918|dotlambda|A|/test_context.py/test_context.py
1761422918|dotlambda|A|/uv.lock/uv.lock
1761422918|dotlambda|A|/cli.py/cli.py
1761422919|dotlambda|A|/CHANGES.rst/issue_5836.issue|FF0000
1761422919|dotlambda|A|/default.nix/issue_5836.issue|FF0000
1761422919|dotlambda|A|/core.py/issue_5836.issue|FF0000
1761422919|dotlambda|A|/test_context.py/issue_5836.issue|FF0000
1761422919|dotlambda|A|/uv.lock/issue_5836.issue|FF0000
1761422919|dotlambda|A|/cli.py/issue_5836.issue|FF0000
1761422919|dotlambda|A|/pyproject.toml/issue_5836.issue|FF0000
1762802308|dotlambda|D|/CHANGES.rst/issue_5836.issue
1762802308|dotlambda|D|/default.nix/issue_5836.issue
1762802308|dotlambda|D|/core.py/issue_5836.issue
1762802308|dotlambda|D|/test_context.py/issue_5836.issue
1762802308|dotlambda|D|/uv.lock/issue_5836.issue
1762802308|dotlambda|D|/cli.py/issue_5836.issue
1762802308|dotlambda|D|/pyproject.toml/issue_5836.issue
1763398194|davidism|D|/test_subclassing.py/issue_5815.issue
1763398194|davidism|D|/CHANGES.rst/issue_5815.issue
1763398194|davidism|D|/templating.py/issue_5815.issue
1763398194|davidism|D|/app.py/issue_5815.issue
1763398194|davidism|D|/test_reqctx.py/issue_5815.issue
1763398194|davidism|D|/ctx.py/issue_5815.issue
1763536150|MOHITKOURAV01|A|/contributing.rst/contributing.rst
1763536150|MOHITKOURAV01|A|/conf.py/conf.py
1763536150|MOHITKOURAV01|A|/test_docs_copybutton.py/test_docs_copybutton.py
1763536150|MOHITKOURAV01|A|/pyproject.toml/pyproject.toml
1763536151|MOHITKOURAV01|A|/contributing.rst/issue_5848.issue|FF0000
1763536151|MOHITKOURAV01|A|/CHANGES.rst/issue_5848.issue|FF0000
1763536151|MOHITKOURAV01|A|/conf.py/issue_5848.issue|FF0000
1763536151|MOHITKOURAV01|A|/test_docs_copybutton.py/issue_5848.issue|FF0000
1763536151|MOHITKOURAV01|A|/pyproject.toml/issue_5848.issue|FF0000
1763562656|MOHITKOURAV01|D|/contributing.rst/issue_5848.issue
1763562656|MOHITKOURAV01|D|/CHANGES.rst/issue_5848.issue
1763562656|MOHITKOURAV01|D|/conf.py/issue_5848.issue
1763562656|MOHITKOURAV01|D|/test_docs_copybutton.py/issue_5848.issue
1763562656|MOHITKOURAV01|D|/pyproject.toml/issue_5848.issue
1765816164|sharoonthomas|A|/test_csrf.py/test_csrf.py
1765816164|sharoonthomas|A|/CHANGES.rst/CHANGES.rst
1765816164|sharoonthomas|A|/web-security.rst/web-security.rst
1765816164|sharoonthomas|A|/app.py/app.py
1765816164|sharoonthomas|A|/views.py/views.py
1765816164|sharoonthomas|A|/config.rst/config.rst
1765816165|sharoonthomas|A|/test_csrf.py/issue_5863.issue|FF0000
1765816165|sharoonthomas|A|/CHANGES.rst/issue_5863.issue|FF0000
1765816165|sharoonthomas|A|/web-security.rst/issue_5863.issue|FF0000
1765816165|sharoonthomas|A|/app.py/issue_5863.issue|FF0000
1765816165|sharoonthomas|A|/views.py/issue_5863.issue|FF0000
1765816165|sharoonthomas|A|/config.rst/issue_5863.issue|FF0000
1765816165|sharoonthomas|A|/app.py/issue_5863.issue|FF0000
1765985742|sharoonthomas|D|/test_csrf.py/issue_5863.issue
1765985742|sharoonthomas|D|/CHANGES.rst/issue_5863.issue
1765985742|sharoonthomas|D|/web-security.rst/issue_5863.issue
1765985742|sharoonthomas|D|/app.py/issue_5863.issue
1765985742|sharoonthomas|D|/views.py/issue_5863.issue
1765985742|sharoonthomas|D|/config.rst/issue_5863.issue
1765985742|sharoonthomas|D|/app.py/issue_5863.issue
1767639124|davidism|A|/async-await.rst/async-await.rst
1767639125|davidism|A|/async-await.rst/issue_5881.issue|FF0000
1767639434|awoimbee|D|/async-await.rst/issue_5817.issue
