1710933568|AlexKurek|A|/issues/general/issue_5442.issue
1710936923|AlexKurek|D|/issues/general/issue_5442.issue
1711387850|Daniel Siepmann|M|/issues/general/issue_5445.issue
1711387999|DanielSiepmann|A|/issues/general/issue_5445.issue
1711388249|DanielSiepmann|D|/issues/general/issue_5445.issue
1711526595|simpia|A|/issues/general/issue_5447.issue
1711526705|simpia|D|/issues/general/issue_5447.issue
1711670714|jtrinh27|A|/issues/general/issue_5448.issue
1711882577|chmjelek|A|/issues/general/issue_5450.issue
1711902452|chmjelek|D|/issues/general/issue_5450.issue
1712074178|ChrisHills463|A|/issues/general/issue_5455.issue
1712075326|ChrisHills463|D|/issues/general/issue_5455.issue
1712405846|lazydreamerbliss|A|/issues/general/issue_5456.issue
1712415985|lazydreamerbliss|D|/issues/general/issue_5456.issue
1712453831|inducer|A|/issues/general/issue_5458.issue
1712514630|David Lord|M|/issues/general/issue_5448.issue
1712515350|jtrinh27|D|/issues/general/issue_5448.issue
1712516263|inducer|D|/issues/general/issue_5458.issue
1712685048|azmeuk|A|/issues/general/issue_5462.issue
1713198505|Éloi Rivard|M|/issues/general/issue_5462.issue
1714299482|matanox|A|/issues/general/issue_5471.issue
1714317186|matanox|D|/issues/general/issue_5471.issue
1714494157|bookernath|A|/issues/general/issue_5472.issue
1715072175|spanezz|A|/issues/general/issue_5479.issue
1715088708|spanezz|D|/issues/general/issue_5479.issue
1715796218|PaulWhitingUVC|A|/issues/general/issue_5483.issue
1715797913|PaulWhitingUVC|D|/issues/general/issue_5483.issue
1716658034|azmeuk|D|/issues/general/issue_5462.issue
1716799779|Kotifnat|A|/issues/general/issue_5489.issue
1716825942|Kotifnat|D|/issues/general/issue_5489.issue
1717095326|markhobson|A|/issues/general/issue_5491.issue
1717095577|markhobson|D|/issues/general/issue_5491.issue
1717402001|liangxiaojian0210|A|/issues/general/issue_5494.issue
1717416505|liangxiaojian0210|D|/issues/general/issue_5494.issue
1717984522|David Lord|M|/issues/general/issue_5472.issue
1718409458|Kikkoperico|A|/issues/general/issue_5502.issue
1718409618|Kikkoperico|D|/issues/general/issue_5502.issue
1718899545|liffiton|A|/issues/general/issue_5504.issue
1719278863|840326521|A|/issues/general/issue_5508.issue
1719290717|840326521|D|/issues/general/issue_5508.issue
1719588778|Visgean|A|/issues/general/issue_5512.issue
1719592342|Visgean|D|/issues/general/issue_5512.issue
1719837712|hrimov|A|/issues/general/issue_5513.issue
1719849079|hrimov|D|/issues/general/issue_5513.issue
1720312023|alemiherbert|A|/issues/general/issue_5519.issue
1720315153|alemiherbert|D|/issues/general/issue_5519.issue
1720465837|shirjs|A|/issues/general/issue_5521.issue
1720466999|shirjs|D|/issues/general/issue_5521.issue
1720554867|Gary Burns|M|/issues/general/issue_5523.issue
1720555024|Gary Burns|M|/issues/general/issue_5523.issue
1720561529|gaburn|A|/issues/general/issue_5523.issue
1720562673|gaburn|D|/issues/general/issue_5523.issue
1720612035|pre-commit-ci[bot]|M|/issues/general/issue_5504.issue
1720622252|mark|M|/issues/general/issue_5504.issue
1720622252|David Lord|M|/issues/general/issue_5504.issue
1720623846|mark|M|/issues/general/issue_5504.issue
1720664207|liffiton|D|/issues/general/issue_5504.issue
1720800434|DRMPN|A|/issues/general/issue_5527.issue
1720981024|DRMPN|D|/issues/general/issue_5527.issue
1721287980|K0sh1R1zumu|A|/issues/general/issue_5530.issue
1721288748|K0sh1R1zumu|D|/issues/general/issue_5530.issue
1721347897|differencialx|M|/issues/general/issue_5628.issue
1722400178|pygeek|A|/issues/general/issue_5537.issue
1722984375|bre-17387639|M|/issues/general/issue_5549.issue
1722984375|bre-17387639|M|/issues/general/issue_5543.issue
1722984768|brendon-codes|A|/issues/general/issue_5543.issue
1722986267|brendon-codes|A|/issues/general/issue_5545.issue
1722986314|bre-17387639|M|/issues/general/issue_5545.issue
1722988978|brendon-codes|A|/issues/general/issue_5547.issue
1722989008|bre-17387639|M|/issues/general/issue_5547.issue
1722990566|brendon-codes|D|/issues/general/issue_5543.issue
1722990610|brendon-codes|D|/issues/general/issue_5545.issue
1722990620|brendon-codes|D|/issues/general/issue_5547.issue
1722992196|brendon-codes|A|/issues/general/issue_5549.issue
1723251242|HanaAlizai|M|/issues/general/issue_5537.issue
1723703500|rsyring|A|/issues/general/issue_5553.issue
1723703501||M|/issues/general/issue_5553.issue
1723703501||M|/issues/general/issue_5553.issue
1724149975|40gilad|A|/issues/general/issue_5554.issue
1724163813|40gilad|D|/issues/general/issue_5554.issue
1724258338|sblondon|A|/issues/docs/issue_5556.issue
1724281680|beauxq|A|/issues/general/issue_5557.issue
1724285397|beauxq|D|/issues/general/issue_5557.issue
1725085575|oelhammouchi|A|/issues/general/issue_5598.issue
1725217889|oelhammouchi|D|/issues/general/issue_5598.issue
1726564658|ghost|A|/issues/general/issue_5605.issue
1726581680|ghost|D|/issues/general/issue_5605.issue
1729806910|brendon-codes|D|/issues/general/issue_5549.issue
1729806935|pygeek|D|/issues/general/issue_5537.issue
1729864209|CanaryWharf|A|/issues/general/issue_5621.issue
1730405985|davidism|A|/issues/general/issue_5625.issue
1730491985|David Lord|M|/issues/general/issue_5625.issue
1730492497|davidism|D|/issues/general/issue_5625.issue
1730503599|bookernath|D|/issues/general/issue_5472.issue
1730504657|David Lord|M|/issues/docs/issue_5556.issue
1730506732|David Lord|M|/issues/docs/issue_5556.issue
1730509239|David Lord|M|/issues/docs/issue_5556.issue
1730509622|sblondon|D|/issues/docs/issue_5556.issue
1730914455|davidism|A|/issues/general/issue_5628.issue
1731001071|Jalaj|M|/CHANGES.rst
1731001071|Jalaj|M|/src/flask/cli.py
1731001071|Jalaj|M|/tests/test_apps/.customenv
1731001071|Jalaj|M|/tests/test_cli.py
1731001071|Jalaj|M|/issues/general/issue_5628.issue
1731002625|Jalaj|M|/issues/general/issue_5628.issue
1731007671|David Lord|M|/issues/general/issue_5628.issue
1731009388|davidism|D|/issues/general/issue_5628.issue
1731082141|David Lord|M|/issues/general/issue_5621.issue
1731082565|CanaryWharf|D|/issues/general/issue_5621.issue
1731298385|David Lord|M|/issues/general/issue_5553.issue
1731435220|rsyring|D|/issues/general/issue_5553.issue
1731462561|davidism|A|/issues/general/issue_5636.issue
1731472373|David Lord|M|/issues/general/issue_5636.issue
1731474204|davidism|D|/issues/general/issue_5636.issue
1731515285|davidism|A|/issues/general/issue_5639.issue
1731585711|develerltd|A|/issues/general/issue_5642.issue
1731597904|develerltd|D|/issues/general/issue_5642.issue
1732018460|loewexy|A|/issues/general/issue_5645.issue
1732078562|michaelwlin-osu|A|/issues/general/issue_5646.issue
1732087282|michaelwlin-osu|D|/issues/general/issue_5646.issue
1732321389|Stas Dzasokhov|M|/src/flask/testing.py
1732321389|Stas Dzasokhov|M|/issues/general/issue_5645.issue
1732321389|kurtatter|M|/issues/general/issue_5645.issue
1732321389|kurtatter|M|/src/flask/testing.py
1732321389|kurtatter|M|/issues/general/issue_5645.issue
1732321389|kurtatter|M|/src/flask/testing.py
1732321389|kurtatter|M|/issues/general/issue_5645.issue
1732413185|loewexy|D|/issues/general/issue_5645.issue
1733399805|ranaprathapthanneeru|A|/issues/general/issue_5652.issue
1733410224|ranaprathapthanneeru|D|/issues/general/issue_5652.issue
1733854082|jeroen-80|A|/issues/general/issue_5653.issue
1733855885|jeroen-80|D|/issues/general/issue_5653.issue
1733933726|skonstant|A|/issues/general/issue_5654.issue
1733937331|skonstant|D|/issues/general/issue_5654.issue
1733988391|gitDebianD|A|/issues/general/issue_5655.issue
1734018727|gitDebianD|D|/issues/general/issue_5655.issue
1735398884|vignesh-0512|A|/issues/general/issue_5661.issue
1735400213|vignesh-0512|D|/issues/general/issue_5661.issue
1735475369|vignesh-0512|A|/issues/general/issue_5662.issue
1735478384|vignesh-0512|D|/issues/general/issue_5662.issue
1735930302|AstraLuma|A|/issues/general/issue_5666.issue
1736370269|AstraLuma|D|/issues/general/issue_5666.issue
1736499517|CNSeniorious000|A|/issues/general/issue_5667.issue
1736499723|CNSeniorious000|D|/issues/general/issue_5667.issue
1736519775|gamestime102|A|/issues/general/issue_5669.issue
1736520524|gamestime102|D|/issues/general/issue_5669.issue
1736744255|widdowson|A|/issues/general/issue_5670.issue
1736752973|widdowson|D|/issues/general/issue_5670.issue
1738047444|dunkmann00|A|/issues/general/issue_5673.issue
1738207372|George Waters|M|/issues/general/issue_5673.issue
1738989715|madprops|A|/issues/general/issue_5676.issue
1738990968|madprops|D|/issues/general/issue_5676.issue
1739870509|Tanjiroop|A|/issues/general/issue_5679.issue
1739870880|Tanjiroop|D|/issues/general/issue_5679.issue
1740893352|AluminumAngel|A|/issues/general/issue_5686.issue
1740893552|AluminumAngel|D|/issues/general/issue_5686.issue
1740893828|Daniel Nelson|M|/issues/general/issue_5686.issue
1740895491|AluminumAngel|A|/issues/docs/issue_5688.issue
1741088823|ayushpythonista|A|/issues/general/issue_5689.issue
1741090021|ayushpythonista|D|/issues/general/issue_5689.issue
1741453010|asottile|A|/issues/general/issue_5691.issue
1742382533|befeleme|A|/issues/general/issue_5692.issue
1742454678|degerahmet|M|/issues/general/issue_5692.issue
1742872213|degerahmet|M|/issues/general/issue_5692.issue
1743286526|dunkmann00|D|/issues/general/issue_5673.issue
1743287014|David Lord|M|/issues/general/issue_5691.issue
1743287313|asottile|D|/issues/general/issue_5691.issue
1743287456|David Lord|M|/issues/docs/issue_5688.issue
1743287556|AluminumAngel|D|/issues/docs/issue_5688.issue
1743288178|David Lord|M|/issues/general/issue_5692.issue
1743288322|befeleme|D|/issues/general/issue_5692.issue
1743319786|ascender1729|M|/src/flask/app.py
1743319786|ascender1729|M|/src/flask/ctx.py
1743319786|ascender1729|M|/src/flask/globals.py
1743319786|ascender1729|M|/issues/general/issue_5639.issue
1743320025|pre-commit-ci-lite[bot]|M|/issues/general/issue_5639.issue
1743515349|pdhotems|A|/issues/general/issue_5707.issue
1743515463|pdhotems|D|/issues/general/issue_5707.issue
1743804814|Tomasz Pankowski|M|/issues/general/issue_5709.issue
1743926719|tomasz-pankowski|A|/issues/general/issue_5709.issue
1743927135|Tomasz Pankowski|M|/issues/general/issue_5709.issue
1744048831|tomasz-pankowski|D|/issues/general/issue_5709.issue
1744207237|return42|A|/issues/general/issue_5711.issue
1744210853|return42|D|/issues/general/issue_5711.issue
1744602788|BrookeYangRui|A|/issues/docs/issue_5718.issue
1745321848|ihmuukin|A|/issues/general/issue_5721.issue
1745322056|ihmuukin|D|/issues/general/issue_5721.issue
1745740538|Rajveer Verma|M|/docs/web-security.rst
1745740538|Rajveer Verma|M|/issues/docs/issue_5718.issue
1746894137|kiran-kf|A|/issues/general/issue_5726.issue
1746895520|kiran-kf|D|/issues/general/issue_5726.issue
1747038780|alexwlchan|A|/issues/general/issue_5729.issue
1747384914|Akshay|M|/issues/general/issue_5729.issue
1747387185|Akshay|M|/issues/general/issue_5729.issue
1747387683|pre-commit-ci-lite[bot]|M|/issues/general/issue_5729.issue
1747388602|Akshay|M|/issues/general/issue_5729.issue
1747389951|Akshay|M|/issues/general/issue_5729.issue
1747390277|Akshay|M|/issues/general/issue_5729.issue
1747390421|Akshay|M|/issues/general/issue_5729.issue
1747390655|Akshay|M|/issues/general/issue_5729.issue
1747391008|Akshay|M|/issues/general/issue_5729.issue
1747393352|pre-commit-ci-lite[bot]|M|/issues/general/issue_5729.issue
1747433260|gable-github|M|/issues/general/issue_5729.issue
1747455438|kadai0308|M|/issues/general/issue_5729.issue
1747581060|AJ Jordan|M|/issues/general/issue_5729.issue
1747738116|Tobey|A|/issues/general/issue_5738.issue
1747738335|Tobey Asinugo|M|/issues/general/issue_5738.issue
1747738862|pre-commit-ci-lite[bot]|M|/issues/general/issue_5738.issue
1747743506|Tobey|D|/issues/general/issue_5738.issue
1747758604|David Lord|M|/issues/general/issue_5729.issue
1747937617|Alex Ding|M|/src/flask/sansio/app.py
1747937617|Alex Ding|M|/src/flask/sansio/blueprints.py
1747937617|Alex Ding|M|/tests/test_decorator_no_parens.py
1747937617|Alex Ding|M|/issues/general/issue_5729.issue
1747938650|pre-commit-ci-lite[bot]|M|/issues/general/issue_5729.issue
1748143272|jorben|A|/issues/general/issue_5745.issue
1748145446|jorben|D|/issues/general/issue_5745.issue
1748351023|skiwan|A|/issues/general/issue_5746.issue
1748352907|skiwan|D|/issues/general/issue_5746.issue
1748915254|BlaytonV|M|/docs/web-security.rst
1748915254|BlaytonV|M|/issues/docs/issue_5718.issue
1748930829|savchenko|A|/issues/general/issue_5751.issue
1748949490|savchenko|D|/issues/general/issue_5751.issue
1749492665|HuanjieGuo|A|/issues/general/issue_5755.issue
1749492819|HuanjieGuo|D|/issues/general/issue_5755.issue
1749493088|HuanjieGuo|A|/issues/general/issue_5756.issue
1749494002|HuanjieGuo|D|/issues/general/issue_5756.issue
1750181599|Pravin Kamble|M|/issues/general/issue_5729.issue
1750181822|pre-commit-ci-lite[bot]|M|/issues/general/issue_5729.issue
1750646838|Sebasteuo|A|/issues/docs/issue_5763.issue
1750698567|Sebasteuo|D|/issues/docs/issue_5763.issue
1751816037|shivamrag|A|/issues/general/issue_5766.issue
1751816095|shivamrag|D|/issues/general/issue_5766.issue
1752055908|p-r-a-v-i-n|A|/issues/general/issue_5768.issue
1752070944|p-r-a-v-i-n|D|/issues/general/issue_5768.issue
1752613737|nkouevda-patreon|A|/issues/general/issue_5774.issue
1752652359|Vignesh Deenadayal|M|/issues/general/issue_5774.issue
1752652664|pre-commit-ci-lite[bot]|M|/issues/general/issue_5774.issue
1752656788|tvuotila|A|/issues/general/issue_5776.issue
1752657710|Tero Vuotila|M|/issues/general/issue_5776.issue
1753268162|agape1225|M|/issues/general/issue_5776.issue
1753269052|agape1225|M|/issues/general/issue_5776.issue
1753269246|pre-commit-ci-lite[bot]|M|/issues/general/issue_5776.issue
1753269778|agape1225|M|/issues/general/issue_5776.issue
1753529725|agape1225|M|/issues/general/issue_5774.issue
1753536088|agape1225|M|/issues/general/issue_5774.issue
1753537641|agape1225|M|/issues/general/issue_5774.issue
1753742911|nicholasaraj|A|/issues/general/issue_5784.issue
1753867084|okovpashko|A|/issues/general/issue_5786.issue
1753986769|DaleStack|M|/issues/general/issue_5784.issue
1753987609|pre-commit-ci-lite[bot]|M|/issues/general/issue_5784.issue
1753987639|nicholasaraj|D|/issues/general/issue_5784.issue
1753989283|DaleStack|M|/issues/general/issue_5784.issue
1753989457|DaleStack|M|/issues/general/issue_5784.issue
1753989688|DaleStack|M|/issues/general/issue_5784.issue
1753989700|DaleStack|M|/issues/general/issue_5784.issue
1754190959|VanyaKL1294|A|/issues/general/issue_5792.issue
1754190978|VanyaKL1294|D|/issues/general/issue_5792.issue
1754440266|Pouria-yvr|M|/issues/general/issue_5776.issue
1755535263|David Lord|M|/issues/general/issue_5786.issue
1755536209|okovpashko|D|/issues/general/issue_5786.issue
1755537985|tvuotila|D|/issues/general/issue_5776.issue
1755542568|David Lord|M|/issues/docs/issue_5718.issue
1755542827|BrookeYangRui|D|/issues/docs/issue_5718.issue
1755616735|David Lord|M|/issues/general/issue_5774.issue
1755617046|nkouevda-patreon|D|/issues/general/issue_5774.issue
1755631787|David Lord|M|/issues/general/issue_5729.issue
1755632161|alexwlchan|D|/issues/general/issue_5729.issue
1756516849|macdjord|A|/issues/general/issue_5803.issue
1756519457|macdjord|D|/issues/general/issue_5803.issue
1756736642|noirbee|A|/issues/general/issue_5804.issue
1757713923|David Lord|M|/issues/general/issue_5639.issue
1757787596|davidism|A|/issues/general/issue_5815.issue
1757867895|davidism|A|/issues/general/issue_5816.issue
1758025712|awoimbee|A|/issues/docs/issue_5817.issue
1758325528|davidism|D|/issues/general/issue_5639.issue
1758326328|David Lord|M|/issues/general/issue_5815.issue
1758432687|manitreasure1|A|/issues/general/issue_5819.issue
1758434382|manitreasure1|D|/issues/general/issue_5819.issue
1758738403|egbaprosper3-del|A|/issues/general/issue_5820.issue
1758738481|egbaprosper3-del|D|/issues/general/issue_5820.issue
1759165517|anand|M|/docs/async-await.rst
1759165517|anand|M|/issues/docs/issue_5817.issue
1759851718|elafonta|A|/issues/docs/issue_5825.issue
1759929168|Samarth|M|/issues/docs/issue_5825.issue
1759993261|Aditya|M|/issues/docs/issue_5825.issue
1759993423|Aditya|M|/issues/docs/issue_5825.issue
1760502454|Edward G|M|/issues/general/issue_5836.issue
1761422918|dotlambda|A|/issues/general/issue_5836.issue
1761860146|serbinskis|A|/issues/general/issue_5839.issue
1761863495|serbinskis|D|/issues/general/issue_5839.issue
1762791367|pramod5403|M|/src/flask/cli.py
1762791367|pramod5403|M|/issues/general/issue_5836.issue
1762791518|pre-commit-ci-lite[bot]|M|/issues/general/issue_5836.issue
1762792052|pramod5403|M|/issues/general/issue_5836.issue
1762802308|dotlambda|D|/issues/general/issue_5836.issue
1762847889|Kevin Deldycke|M|/issues/general/issue_5836.issue
1763240093|Robert Schütz|M|/issues/general/issue_5836.issue
1763398194|davidism|D|/issues/general/issue_5815.issue
1763536150|MOHITKOURAV01|A|/issues/general/issue_5848.issue
1763537267|MOHITKOURAV01|M|/issues/general/issue_5848.issue
1763538491|MOHITKOURAV01|M|/issues/general/issue_5848.issue
1763544843|MOHITKOURAV01|M|/issues/general/issue_5848.issue
1763562656|MOHITKOURAV01|D|/issues/general/issue_5848.issue
1763715366|Anirudh-020505|A|/issues/general/issue_5851.issue
1763740750|Anirudh-020505|D|/issues/general/issue_5851.issue
1764688657|ADITYA SAH|M|/issues/docs/issue_5825.issue
1765404607|Tsotne Okrostsvaridze|M|/docs/patterns/javascript.rst
1765404607|Tsotne Okrostsvaridze|M|/issues/docs/issue_5825.issue
1765622603|jyup-escape|A|/issues/general/issue_5861.issue
1765624169|jyup-escape|D|/issues/general/issue_5861.issue
1765816164|sharoonthomas|A|/issues/general/issue_5863.issue
1765939459|Sharoon Thomas|M|/issues/general/issue_5863.issue
1765985742|sharoonthomas|D|/issues/general/issue_5863.issue
1766060258|Ayush Patil|M|/issues/general/issue_5816.issue
1766060424|pre-commit-ci-lite[bot]|M|/issues/general/issue_5816.issue
1766590075|0x-Apollyon|A|/issues/general/issue_5870.issue
1766592094|0x-Apollyon|D|/issues/general/issue_5870.issue
1766855403|Jason|M|/issues/docs/issue_5825.issue
1766984128|Soham-1616|M|/issues/docs/issue_5825.issue
1767639124|davidism|A|/issues/docs/issue_5881.issue
1767639434|awoimbee|D|/issues/docs/issue_5817.issue
1768074448|Mind freezer|M|/issues/docs/issue_5881.issue
