1440578154|nschloe|A|/spline.h/spline.h
1440578154|nschloe|A|/spline.cpp/spline.cpp
1440578155|nschloe|A|/gource_settings.h/issue_33.issue|FF0000
1440578155|nschloe|A|/spline.h/issue_33.issue|FF0000
1440578155|nschloe|A|/spline.cpp/issue_33.issue|FF0000
1440578155|nschloe|A|/gource_settings.cpp/issue_33.issue|FF0000
1440578155|nschloe|A|/README/issue_33.issue|FF0000
1440578155|nschloe|A|/dirnode.cpp/issue_33.issue|FF0000
1449774631|FdezI|A|/test.conf/test.conf
1449774632|FdezI|A|/commitlog.cpp/issue_46.issue|FF0000
1449774632|FdezI|A|/gource_settings.cpp/issue_46.issue|FF0000
1449774632|FdezI|A|/test.conf/issue_46.issue|FF0000
1449774632|FdezI|A|/gource_settings.h/issue_46.issue|FF0000
1454589142|meshy|A|/git.h/issue_54.issue|FF0000
1454589142|meshy|A|/gource_settings.h/issue_54.issue|FF0000
1454589142|meshy|A|/dirnode.h/issue_54.issue|FF0000
1454589142|meshy|A|/file.cpp/issue_54.issue|FF0000
1454589142|meshy|A|/gource.1/issue_54.issue|FF0000
1454589142|meshy|A|/commitlog.h/issue_54.issue|FF0000
1454589142|meshy|A|/custom.cpp/issue_54.issue|FF0000
1454589142|meshy|A|/file.h/issue_54.issue|FF0000
1454589142|meshy|A|/gource.cpp/issue_54.issue|FF0000
1454589142|meshy|A|/commitlog.cpp/issue_54.issue|FF0000
1454589142|meshy|A|/git.cpp/issue_54.issue|FF0000
1454589142|meshy|A|/gource_settings.cpp/issue_54.issue|FF0000
1454589142|meshy|A|/pawn.cpp/issue_54.issue|FF0000
1454589142|meshy|A|/pawn.h/issue_54.issue|FF0000
1454589142|meshy|A|/dirnode.cpp/issue_54.issue|FF0000
1463264587|Liz4v|A|/git.cpp/issue_66.issue|FF0000
1478312428|wertercatt|A|/gource.yml/issue_84.issue|FF0000
1484823530|nschloe|A|/git.h/issue_91.issue|FF0000
1484823530|nschloe|A|/gource_settings.h/issue_91.issue|FF0000
1484823530|nschloe|A|/dirnode.h/issue_91.issue|FF0000
1484823530|nschloe|A|/file.cpp/issue_91.issue|FF0000
1484823530|nschloe|A|/gource.1/issue_91.issue|FF0000
1484823530|nschloe|A|/commitlog.h/issue_91.issue|FF0000
1484823530|nschloe|A|/custom.cpp/issue_91.issue|FF0000
1484823530|nschloe|A|/file.h/issue_91.issue|FF0000
1484823530|nschloe|A|/gource.cpp/issue_91.issue|FF0000
1484823530|nschloe|A|/commitlog.cpp/issue_91.issue|FF0000
1484823530|nschloe|A|/git.cpp/issue_91.issue|FF0000
1484823530|nschloe|A|/gource_settings.cpp/issue_91.issue|FF0000
1484823530|nschloe|A|/pawn.cpp/issue_91.issue|FF0000
1484823530|nschloe|A|/pawn.h/issue_91.issue|FF0000
1484823530|nschloe|A|/dirnode.cpp/issue_91.issue|FF0000
1485442666|nschloe|A|/gource_settings.h/issue_93.issue|FF0000
1485442666|nschloe|A|/gource.h/issue_93.issue|FF0000
1485442666|nschloe|A|/gource.1/issue_93.issue|FF0000
1485442666|nschloe|A|/gource.cpp/issue_93.issue|FF0000
1485442666|nschloe|A|/ChangeLog/issue_93.issue|FF0000
1485442666|nschloe|A|/gource_settings.cpp/issue_93.issue|FF0000
1485442666|nschloe|A|/README/issue_93.issue|FF0000
1486049951|breun|A|/gource.cpp/issue_96.issue|FF0000
1487291561|FdezI|D|/commitlog.cpp/issue_46.issue
1487291561|FdezI|D|/gource_settings.cpp/issue_46.issue
1487291561|FdezI|D|/test.conf/issue_46.issue
1487291561|FdezI|D|/gource_settings.h/issue_46.issue
1491801805|breun|D|/gource.cpp/issue_96.issue
1493118771|Crence|A|/main.cpp/main.cpp
1493118771|Crence|A|/gource.h/gource.h
1493118771|Crence|A|/Makefile.am/Makefile.am
1493118771|Crence|A|/file_colours.h/file_colours.h
1493118771|Crence|A|/gource.pro/gource.pro
1493118771|Crence|A|/file_colours.cpp/file_colours.cpp
1493118772|Crence|A|/main.cpp/issue_104.issue|FF0000
1493118772|Crence|A|/gource.h/issue_104.issue|FF0000
1493118772|Crence|A|/file.cpp/issue_104.issue|FF0000
1493118772|Crence|A|/Makefile.am/issue_104.issue|FF0000
1493118772|Crence|A|/file_colours.h/issue_104.issue|FF0000
1493118772|Crence|A|/gource.pro/issue_104.issue|FF0000
1493118772|Crence|A|/commitlog.cpp/issue_104.issue|FF0000
1493118772|Crence|A|/file_colours.cpp/issue_104.issue|FF0000
1506535993|FallenEXP|A|/hg.cpp/hg.cpp
1506535993|FallenEXP|A|/action.cpp/action.cpp
1506535994|FallenEXP|A|/hg.cpp/issue_122.issue|FF0000
1506535994|FallenEXP|A|/file.cpp/issue_122.issue|FF0000
1506535994|FallenEXP|A|/action.cpp/issue_122.issue|FF0000
1506535994|FallenEXP|A|/file.h/issue_122.issue|FF0000
1508019996|revelt|A|/README.md/issue_123.issue|FF0000
1523488148|Namingwaysway|A|/git.h/issue_147.issue|FF0000
1523488148|Namingwaysway|A|/gource_settings.h/issue_147.issue|FF0000
1523488148|Namingwaysway|A|/dirnode.h/issue_147.issue|FF0000
1523488148|Namingwaysway|A|/file.cpp/issue_147.issue|FF0000
1523488148|Namingwaysway|A|/gource.1/issue_147.issue|FF0000
1523488148|Namingwaysway|A|/commitlog.h/issue_147.issue|FF0000
1523488148|Namingwaysway|A|/custom.cpp/issue_147.issue|FF0000
1523488148|Namingwaysway|A|/file.h/issue_147.issue|FF0000
1523488148|Namingwaysway|A|/gource.cpp/issue_147.issue|FF0000
1523488148|Namingwaysway|A|/commitlog.cpp/issue_147.issue|FF0000
1523488148|Namingwaysway|A|/git.cpp/issue_147.issue|FF0000
1523488148|Namingwaysway|A|/gource_settings.cpp/issue_147.issue|FF0000
1523488148|Namingwaysway|A|/pawn.cpp/issue_147.issue|FF0000
1523488148|Namingwaysway|A|/pawn.h/issue_147.issue|FF0000
1523488148|Namingwaysway|A|/dirnode.cpp/issue_147.issue|FF0000
1524545085|revelt|D|/README.md/issue_123.issue
1535883078|SmallLars|A|/README/issue_167.issue|FF0000
1535883078|SmallLars|A|/gource.cpp/issue_167.issue|FF0000
1535883078|SmallLars|A|/gource_settings.h/issue_167.issue|FF0000
1535883078|SmallLars|A|/gource_settings.cpp/issue_167.issue|FF0000
1535901742|SmallLars|A|/gource_settings.h/issue_168.issue|FF0000
1535901742|SmallLars|A|/file.cpp/issue_168.issue|FF0000
1535901742|SmallLars|A|/gource.1/issue_168.issue|FF0000
1535901742|SmallLars|A|/gource_settings.cpp/issue_168.issue|FF0000
1535901742|SmallLars|A|/ChangeLog/issue_168.issue|FF0000
1535901742|SmallLars|A|/README/issue_168.issue|FF0000
1537290819|SmallLars|D|/README/issue_167.issue
1537290819|SmallLars|D|/gource.cpp/issue_167.issue
1537290819|SmallLars|D|/gource_settings.h/issue_167.issue
1537290819|SmallLars|D|/gource_settings.cpp/issue_167.issue
1537717361|SmallLars|A|/README/issue_176.issue|FF0000
1537717361|SmallLars|A|/gource.cpp/issue_176.issue|FF0000
1537717361|SmallLars|A|/gource_settings.h/issue_176.issue|FF0000
1537717361|SmallLars|A|/gource_settings.cpp/issue_176.issue|FF0000
1537758897|nschloe|D|/gource_settings.h/issue_33.issue
1537758897|nschloe|D|/spline.h/issue_33.issue
1537758897|nschloe|D|/spline.cpp/issue_33.issue
1537758897|nschloe|D|/gource_settings.cpp/issue_33.issue
1537758897|nschloe|D|/README/issue_33.issue
1537758897|nschloe|D|/dirnode.cpp/issue_33.issue
1537841407|SmallLars|D|/gource_settings.h/issue_168.issue
1537841407|SmallLars|D|/file.cpp/issue_168.issue
1537841407|SmallLars|D|/gource.1/issue_168.issue
1537841407|SmallLars|D|/gource_settings.cpp/issue_168.issue
1537841407|SmallLars|D|/ChangeLog/issue_168.issue
1537841407|SmallLars|D|/README/issue_168.issue
1564372782|QuantumCoded|A|/gource.yml/gource.yml
1564372782|QuantumCoded|A|/deployment.yml/deployment.yml
1564372782|QuantumCoded|A|/deployment-arm64.yml/deployment-arm64.yml
1564372783|QuantumCoded|A|/gource.yml/issue_207.issue|FF0000
1564372783|QuantumCoded|A|/deployment.yml/issue_207.issue|FF0000
1564372783|QuantumCoded|A|/deployment-arm64.yml/issue_207.issue|FF0000
1564391966|QuantumCoded|D|/gource.yml/issue_207.issue
1564391966|QuantumCoded|D|/deployment.yml/issue_207.issue
1564391966|QuantumCoded|D|/deployment-arm64.yml/issue_207.issue
1572953169|iCodeIT|A|/git.h/git.h
1572953169|iCodeIT|A|/dirnode.h/dirnode.h
1572953169|iCodeIT|A|/file.cpp/file.cpp
1572953169|iCodeIT|A|/commitlog.h/commitlog.h
1572953169|iCodeIT|A|/custom.cpp/custom.cpp
1572953169|iCodeIT|A|/file.h/file.h
1572953169|iCodeIT|A|/commitlog.cpp/commitlog.cpp
1572953169|iCodeIT|A|/pawn.cpp/pawn.cpp
1572953169|iCodeIT|A|/pawn.h/pawn.h
1572953169|iCodeIT|A|/dirnode.cpp/dirnode.cpp
1572953170|iCodeIT|A|/git.h/issue_223.issue|FF0000
1572953170|iCodeIT|A|/gource_settings.h/issue_223.issue|FF0000
1572953170|iCodeIT|A|/dirnode.h/issue_223.issue|FF0000
1572953170|iCodeIT|A|/file.cpp/issue_223.issue|FF0000
1572953170|iCodeIT|A|/gource.1/issue_223.issue|FF0000
1572953170|iCodeIT|A|/commitlog.h/issue_223.issue|FF0000
1572953170|iCodeIT|A|/custom.cpp/issue_223.issue|FF0000
1572953170|iCodeIT|A|/file.h/issue_223.issue|FF0000
1572953170|iCodeIT|A|/gource.cpp/issue_223.issue|FF0000
1572953170|iCodeIT|A|/commitlog.cpp/issue_223.issue|FF0000
1572953170|iCodeIT|A|/git.cpp/issue_223.issue|FF0000
1572953170|iCodeIT|A|/gource_settings.cpp/issue_223.issue|FF0000
1572953170|iCodeIT|A|/pawn.cpp/issue_223.issue|FF0000
1572953170|iCodeIT|A|/pawn.h/issue_223.issue|FF0000
1572953170|iCodeIT|A|/dirnode.cpp/issue_223.issue|FF0000
1574315569|SmallLars|D|/README/issue_176.issue
1574315569|SmallLars|D|/gource.cpp/issue_176.issue
1574315569|SmallLars|D|/gource_settings.h/issue_176.issue
1574315569|SmallLars|D|/gource_settings.cpp/issue_176.issue
1601880325|0jrp0|A|/ChangeLog/ChangeLog
1601880325|0jrp0|A|/README/README
1601880326|0jrp0|A|/gource_settings.h/issue_247.issue|FF0000
1601880326|0jrp0|A|/gource.1/issue_247.issue|FF0000
1601880326|0jrp0|A|/gource.cpp/issue_247.issue|FF0000
1601880326|0jrp0|A|/gource_settings.cpp/issue_247.issue|FF0000
1601880326|0jrp0|A|/ChangeLog/issue_247.issue|FF0000
1601880326|0jrp0|A|/README/issue_247.issue|FF0000
1604387098|0jrp0|A|/gource.cpp/gource.cpp
1604387098|0jrp0|A|/gource_shell.cpp/gource_shell.cpp
1604387099|0jrp0|A|/gource.cpp/issue_251.issue|FF0000
1604387099|0jrp0|A|/gource_settings.h/issue_251.issue|FF0000
1604387099|0jrp0|A|/gource_settings.cpp/issue_251.issue|FF0000
1604387099|0jrp0|A|/gource_shell.cpp/issue_251.issue|FF0000
1604543747|0jrp0|D|/gource_settings.h/issue_247.issue
1604543747|0jrp0|D|/gource.1/issue_247.issue
1604543747|0jrp0|D|/gource.cpp/issue_247.issue
1604543747|0jrp0|D|/gource_settings.cpp/issue_247.issue
1604543747|0jrp0|D|/ChangeLog/issue_247.issue
1604543747|0jrp0|D|/README/issue_247.issue
1604544176|nschloe|D|/gource_settings.h/issue_93.issue
1604544176|nschloe|D|/gource.h/issue_93.issue
1604544176|nschloe|D|/gource.1/issue_93.issue
1604544176|nschloe|D|/gource.cpp/issue_93.issue
1604544176|nschloe|D|/ChangeLog/issue_93.issue
1604544176|nschloe|D|/gource_settings.cpp/issue_93.issue
1604544176|nschloe|D|/README/issue_93.issue
1648195897|verhovsky|A|/gource.rb/issue_284.issue|FF0000
1648248713|verhovsky|D|/gource.rb/issue_284.issue
1734899272|cybercoder-naj|A|/gource_settings.h/gource_settings.h
1734899272|cybercoder-naj|A|/gource.1/gource.1
1734899272|cybercoder-naj|A|/git.cpp/git.cpp
1734899272|cybercoder-naj|A|/gource_settings.cpp/gource_settings.cpp
1734899272|cybercoder-naj|A|/README.md/README.md
1734899273|cybercoder-naj|A|/gource_settings.h/issue_333.issue|FF0000
1734899273|cybercoder-naj|A|/gource.1/issue_333.issue|FF0000
1734899273|cybercoder-naj|A|/git.cpp/issue_333.issue|FF0000
1734899273|cybercoder-naj|A|/gource_settings.cpp/issue_333.issue|FF0000
1734899273|cybercoder-naj|A|/README.md/issue_333.issue|FF0000
1754927511|cho-m|A|/boost-build.rb/boost-build.rb
1754927511|cho-m|A|/augustus.rb/augustus.rb
1754927511|cho-m|A|/edencommon.rb/edencommon.rb
1754927511|cho-m|A|/boost-python3.rb/boost-python3.rb
1754927511|cho-m|A|/gearman.rb/gearman.rb
1754927511|cho-m|A|/fastnetmon.rb/fastnetmon.rb
1754927511|cho-m|A|/gource.rb/gource.rb
1754927511|cho-m|A|/boost-bcp.rb/boost-bcp.rb
1754927511|cho-m|A|/dspdfviewer.rb/dspdfviewer.rb
1754927511|cho-m|A|/folly.rb/folly.rb
1754927511|cho-m|A|/boost-mpi.rb/boost-mpi.rb
1754927511|cho-m|A|/collada-dom.rb/collada-dom.rb
1754927511|cho-m|A|/freeling.rb/freeling.rb
1754927511|cho-m|A|/dwarfs.rb/dwarfs.rb
1754927511|cho-m|A|/colmap.rb/colmap.rb
1754927511|cho-m|A|/boost@1.89/boost@1.89
1754927511|cho-m|A|/cryfs.rb/cryfs.rb
1754927511|cho-m|A|/clang-include-graph.rb/clang-include-graph.rb
1754927511|cho-m|A|/bastet.rb/bastet.rb
1754927511|cho-m|A|/boost.rb/boost.rb
1754927511|cho-m|A|/fbthrift.rb/fbthrift.rb
1754927511|cho-m|A|/avro-cpp.rb/avro-cpp.rb
1754927511|cho-m|A|/graph-tool.rb/graph-tool.rb
1754927511|cho-m|A|/fuego.rb/fuego.rb
1754927511|cho-m|A|/gnuradio.rb/gnuradio.rb
1754927511|cho-m|A|/coal.rb/coal.rb
1754927511|cho-m|A|/c10t.rb/c10t.rb
1754927511|cho-m|A|/eigenpy.rb/eigenpy.rb
1754927511|cho-m|A|/apngasm.rb/apngasm.rb
1754927511|cho-m|A|/cpprestsdk.rb/cpprestsdk.rb
1754927512|cho-m|A|/boost-build.rb/issue_348.issue|FF0000
1754927512|cho-m|A|/augustus.rb/issue_348.issue|FF0000
1754927512|cho-m|A|/edencommon.rb/issue_348.issue|FF0000
1754927512|cho-m|A|/boost-python3.rb/issue_348.issue|FF0000
1754927512|cho-m|A|/gearman.rb/issue_348.issue|FF0000
1754927512|cho-m|A|/fastnetmon.rb/issue_348.issue|FF0000
1754927512|cho-m|A|/gource.rb/issue_348.issue|FF0000
1754927512|cho-m|A|/boost-bcp.rb/issue_348.issue|FF0000
1754927512|cho-m|A|/dspdfviewer.rb/issue_348.issue|FF0000
1754927512|cho-m|A|/folly.rb/issue_348.issue|FF0000
1754927512|cho-m|A|/boost-mpi.rb/issue_348.issue|FF0000
1754927512|cho-m|A|/collada-dom.rb/issue_348.issue|FF0000
1754927512|cho-m|A|/freeling.rb/issue_348.issue|FF0000
1754927512|cho-m|A|/dwarfs.rb/issue_348.issue|FF0000
1754927512|cho-m|A|/colmap.rb/issue_348.issue|FF0000
1754927512|cho-m|A|/boost@1.89/issue_348.issue|FF0000
1754927512|cho-m|A|/cryfs.rb/issue_348.issue|FF0000
1754927512|cho-m|A|/clang-include-graph.rb/issue_348.issue|FF0000
1754927512|cho-m|A|/bastet.rb/issue_348.issue|FF0000
1754927512|cho-m|A|/boost.rb/issue_348.issue|FF0000
1754927512|cho-m|A|/fbthrift.rb/issue_348.issue|FF0000
1754927512|cho-m|A|/avro-cpp.rb/issue_348.issue|FF0000
1754927512|cho-m|A|/graph-tool.rb/issue_348.issue|FF0000
1754927512|cho-m|A|/fuego.rb/issue_348.issue|FF0000
1754927512|cho-m|A|/gnuradio.rb/issue_348.issue|FF0000
1754927512|cho-m|A|/coal.rb/issue_348.issue|FF0000
1754927512|cho-m|A|/c10t.rb/issue_348.issue|FF0000
1754927512|cho-m|A|/eigenpy.rb/issue_348.issue|FF0000
1754927512|cho-m|A|/apngasm.rb/issue_348.issue|FF0000
1754927512|cho-m|A|/cpprestsdk.rb/issue_348.issue|FF0000
1755100315|cho-m|D|/boost-build.rb/issue_348.issue
1755100315|cho-m|D|/augustus.rb/issue_348.issue
1755100315|cho-m|D|/edencommon.rb/issue_348.issue
1755100315|cho-m|D|/boost-python3.rb/issue_348.issue
1755100315|cho-m|D|/gearman.rb/issue_348.issue
1755100315|cho-m|D|/fastnetmon.rb/issue_348.issue
1755100315|cho-m|D|/gource.rb/issue_348.issue
1755100315|cho-m|D|/boost-bcp.rb/issue_348.issue
1755100315|cho-m|D|/dspdfviewer.rb/issue_348.issue
1755100315|cho-m|D|/folly.rb/issue_348.issue
1755100315|cho-m|D|/boost-mpi.rb/issue_348.issue
1755100315|cho-m|D|/collada-dom.rb/issue_348.issue
1755100315|cho-m|D|/freeling.rb/issue_348.issue
1755100315|cho-m|D|/dwarfs.rb/issue_348.issue
1755100315|cho-m|D|/colmap.rb/issue_348.issue
1755100315|cho-m|D|/boost@1.89/issue_348.issue
1755100315|cho-m|D|/cryfs.rb/issue_348.issue
1755100315|cho-m|D|/clang-include-graph.rb/issue_348.issue
1755100315|cho-m|D|/bastet.rb/issue_348.issue
1755100315|cho-m|D|/boost.rb/issue_348.issue
1755100315|cho-m|D|/fbthrift.rb/issue_348.issue
1755100315|cho-m|D|/avro-cpp.rb/issue_348.issue
1755100315|cho-m|D|/graph-tool.rb/issue_348.issue
1755100315|cho-m|D|/fuego.rb/issue_348.issue
1755100315|cho-m|D|/gnuradio.rb/issue_348.issue
1755100315|cho-m|D|/coal.rb/issue_348.issue
1755100315|cho-m|D|/c10t.rb/issue_348.issue
1755100315|cho-m|D|/eigenpy.rb/issue_348.issue
1755100315|cho-m|D|/apngasm.rb/issue_348.issue
1755100315|cho-m|D|/cpprestsdk.rb/issue_348.issue
