1429639049|Dominik Schmidt|M|/issues/general/issue_123.issue
1429640469|Dominik Schmidt|M|/issues/general/issue_123.issue
1429640975|Dominik Schmidt|M|/issues/general/issue_123.issue
1429641065|Dominik Schmidt|M|/issues/general/issue_123.issue
1429641147|Dominik Schmidt|M|/issues/general/issue_123.issue
1429641214|Dominik Schmidt|M|/issues/general/issue_123.issue
1429641472|Dominik Schmidt|M|/issues/general/issue_123.issue
1429729586|Dominik Schmidt|M|/issues/general/issue_123.issue
1439178494|dchokola|A|/issues/general/issue_32.issue
1440578154|nschloe|A|/issues/general/issue_33.issue
1440659853|nntoan|A|/issues/general/issue_34.issue
1440809788|monyxie|A|/issues/general/issue_35.issue
1440818039|Qix-|A|/issues/general/issue_36.issue
1440847259|nntoan|D|/issues/general/issue_34.issue
1440905878|Qix-|D|/issues/general/issue_36.issue
1441141387|Nico Schlömer|M|/issues/general/issue_33.issue
1441141387|Nico Schlömer|M|/issues/general/issue_33.issue
1444164381|thinsoldier|A|/issues/general/issue_37.issue
1444168455|thinsoldier|D|/issues/general/issue_37.issue
1444215038|ghost|A|/issues/general/issue_38.issue
1444305588|samuelcolvin|A|/issues/general/issue_39.issue
1444354976|samuelcolvin|D|/issues/general/issue_39.issue
1445250857|obiwankennedy|A|/issues/general/issue_40.issue
1445542401|Stoffe|A|/issues/general/issue_41.issue
1445946805|Riprock|A|/issues/general/issue_42.issue
1446016883|Riprock|D|/issues/general/issue_42.issue
1446672368|letatas|A|/issues/general/issue_43.issue
1448032314|rybak|A|/issues/general/issue_44.issue
1449492204|NHOrus|A|/issues/general/issue_45.issue
1449774631|FdezI|A|/issues/general/issue_46.issue
1449790963|graywolf336|A|/issues/general/issue_47.issue
1450807853|tienne-B|A|/issues/general/issue_48.issue
1451214951|Dinosaurismus|A|/issues/general/issue_49.issue
1452314444|RowenStipe|A|/issues/general/issue_50.issue
1454382383|lufeihaidao|A|/issues/general/issue_51.issue
1454458417|Ricardo Rodrigues Lucca|M|/issues/general/issue_46.issue
1454458811|Ricardo Rodrigues Lucca|M|/issues/general/issue_46.issue
1454469503|RowenStipe|D|/issues/general/issue_50.issue
1454471296|rybak|D|/issues/general/issue_44.issue
1454471323|obiwankennedy|D|/issues/general/issue_40.issue
1454548958|gittheking|A|/issues/general/issue_53.issue
1454589141|meshy|A|/issues/general/issue_54.issue
1455940126|Dinosaurismus|D|/issues/general/issue_49.issue
1455940139|gittheking|D|/issues/general/issue_53.issue
1455940273|Stoffe|D|/issues/general/issue_41.issue
1455993768|Geremia|A|/issues/general/issue_55.issue
1456287213|lufeihaidao|D|/issues/general/issue_51.issue
1456416747|sils|A|/issues/general/issue_56.issue
1456544811|Tymewalk|A|/issues/general/issue_57.issue
1457700415|rybak|A|/issues/general/issue_58.issue
1458014203|SlaunchaMan|A|/issues/general/issue_59.issue
1458052451|stefan-cross|A|/issues/general/issue_60.issue
1458419197|stefan-cross|D|/issues/general/issue_60.issue
1458419491|SlaunchaMan|D|/issues/general/issue_59.issue
1458437252|MinusKube|A|/issues/general/issue_61.issue
1460631452|simplenotezy|A|/issues/general/issue_63.issue
1461189985|simplenotezy|D|/issues/general/issue_63.issue
1462130104|ostrolucky|A|/issues/general/issue_64.issue
1462132305|ostrolucky|D|/issues/general/issue_64.issue
1462900812|samwalls|A|/issues/general/issue_65.issue
1463264586|Liz4v|A|/issues/general/issue_66.issue
1463490002|leonschwanitz-zz|A|/issues/general/issue_67.issue
1463772985|LemonadeWarrior|A|/issues/general/issue_68.issue
1463786515|LemonadeWarrior|D|/issues/general/issue_68.issue
1463786719|samwalls|D|/issues/general/issue_65.issue
1464886855|Nico Schlömer|M|/issues/general/issue_33.issue
1468329920|quantuminformation|A|/issues/general/issue_69.issue
1468402034|quantuminformation|A|/issues/general/issue_70.issue
1468404690|quantuminformation|D|/issues/general/issue_70.issue
1468404886|leonschwanitz-zz|D|/issues/general/issue_67.issue
1468404910|tienne-B|D|/issues/general/issue_48.issue
1469138888|dionrhys|A|/issues/general/issue_71.issue
1469685901|spartanatreyu|A|/issues/general/issue_73.issue
1469730196|MaddTheSane|A|/issues/general/issue_74.issue
1469730448|MaddTheSane|A|/issues/general/issue_75.issue
1471066858|BenCamareno|A|/issues/general/issue_77.issue
1472222446|ghost|A|/issues/general/issue_79.issue
1472744564|melen|A|/issues/general/issue_80.issue
1473804128|carif|A|/issues/general/issue_82.issue
1473840165|KleinerKobold|A|/issues/general/issue_83.issue
1473840166||M|/issues/general/issue_83.issue
1478312427|wertercatt|A|/issues/general/issue_84.issue
1479496679|jehovahsays|A|/issues/general/issue_85.issue
1479502485|jehovahsays|D|/issues/general/issue_85.issue
1479504123|jehovahsays|A|/issues/general/issue_86.issue
1479681304|bfrasure|M|/src/formats/commitlog.cpp
1479681304|bfrasure|M|/src/gource_settings.cpp
1479681304|bfrasure|M|/src/gource_settings.h
1479681304|bfrasure|M|/tests/test.conf
1479681304|bfrasure|M|/issues/general/issue_46.issue
1479681304|bfrasure|M|/src/formats/commitlog.cpp
1479681304|bfrasure|M|/src/gource_settings.cpp
1479681304|bfrasure|M|/src/gource_settings.h
1479681304|bfrasure|M|/tests/test.conf
1479681304|bfrasure|M|/issues/general/issue_46.issue
1480704623|mathomp4|A|/issues/general/issue_88.issue
1482563989|MrsTonedOne|A|/issues/general/issue_89.issue
1482565572|MrsTonedOne|A|/issues/general/issue_90.issue
1484823529|nschloe|A|/issues/general/issue_91.issue
1485192525|Nico Schlömer|M|/issues/general/issue_33.issue
1485348932|merschformann|A|/issues/general/issue_92.issue
1485442665|nschloe|A|/issues/general/issue_93.issue
1485442870|nschloe|A|/issues/general/issue_94.issue
1485527469|nschloe|A|/issues/general/issue_95.issue
1486049950|breun|A|/issues/general/issue_96.issue
1487291561|FdezI|D|/issues/general/issue_46.issue
1489266441|GarethPW|A|/issues/general/issue_98.issue
1490207756|Mathieu Alengrin|M|/issues/general/issue_96.issue
1490379138|carif|D|/issues/general/issue_82.issue
1490793921|ferenczy|A|/issues/general/issue_100.issue
1490794489|ferenczy|A|/issues/general/issue_101.issue
1491801805|breun|D|/issues/general/issue_96.issue
1492005866|dotnetCarpenter|A|/issues/general/issue_102.issue
1492738559|ferenczy|D|/issues/general/issue_101.issue
1492738606|MrsTonedOne|D|/issues/general/issue_90.issue
1492738868|spartanatreyu|D|/issues/general/issue_73.issue
1493118771|Crence|A|/issues/general/issue_104.issue
1493921627|tehyosh|A|/issues/general/issue_106.issue
1493957078|tehyosh|D|/issues/general/issue_106.issue
1495013763|dotnetCarpenter|D|/issues/general/issue_102.issue
1495761493|melen|D|/issues/general/issue_80.issue
1495761594|BenCamareno|D|/issues/general/issue_77.issue
1497533501|Fonsan|A|/issues/general/issue_107.issue
1498057308|myint|A|/issues/general/issue_108.issue
1498136838|myint|D|/issues/general/issue_108.issue
1498596295|ricomoss|A|/issues/general/issue_109.issue
1498624923|Fonsan|D|/issues/general/issue_107.issue
1498663461|ricomoss|D|/issues/general/issue_109.issue
1500831284|rybak|A|/issues/general/issue_110.issue
1500866563|rybak|D|/issues/general/issue_110.issue
1500941290|elJoeyJojo|A|/issues/general/issue_111.issue
1500948597|elJoeyJojo|D|/issues/general/issue_111.issue
1501210738|LorhanSohaky|A|/issues/general/issue_112.issue
1502215644|billykwooten|A|/issues/general/issue_113.issue
1502232602|K2|A|/issues/general/issue_114.issue
1502247550|jehovahsays|D|/issues/general/issue_86.issue
1502247725|LorhanSohaky|D|/issues/general/issue_112.issue
1502415504|K2|D|/issues/general/issue_114.issue
1503100026|ghost|A|/issues/general/issue_115.issue
1503636932|daemonstorm|A|/issues/general/issue_116.issue
1504582409|ghost|D|/issues/general/issue_115.issue
1504670753|merschformann|D|/issues/general/issue_92.issue
1504720416|joeyparrish|A|/issues/general/issue_117.issue
1504898183|wonea|A|/issues/general/issue_118.issue
1505052791|ghost|A|/issues/general/issue_119.issue
1505085092|ghost|D|/issues/general/issue_119.issue
1505500297|TangentFoxy|A|/issues/general/issue_120.issue
1505718332|TangentFoxy|D|/issues/general/issue_120.issue
1506410229|brylie|A|/issues/general/issue_121.issue
1506535993|FallenEXP|A|/issues/general/issue_122.issue
1506633201|brylie|D|/issues/general/issue_121.issue
1508019995|revelt|A|/issues/general/issue_123.issue
1509054713|Julio974|A|/issues/general/issue_125.issue
1509204679|ghost|A|/issues/general/issue_126.issue
1509756997|dimrozakis|A|/issues/general/issue_127.issue
1509811349|quantuminformation|A|/issues/general/issue_128.issue
1509934092|dimrozakis|D|/issues/general/issue_127.issue
1509934192|quantuminformation|D|/issues/general/issue_128.issue
1509934585|Julio974|D|/issues/general/issue_125.issue
1510520646|ghost|A|/issues/general/issue_129.issue
1511030974|Julio974|A|/issues/general/issue_130.issue
1511293601|rgdoliveira|A|/issues/general/issue_131.issue
1511942824|klotzt|A|/issues/general/issue_132.issue
1512213493|mcallegari|A|/issues/general/issue_133.issue
1512463460|boniek83|A|/issues/general/issue_134.issue
1512764726|davidjeddy|A|/issues/general/issue_137.issue
1513133162|geekkid1|A|/issues/general/issue_138.issue
1513170517|geekkid1|D|/issues/general/issue_138.issue
1513876381|Bananeweizen|A|/issues/general/issue_139.issue
1513968319|LebedevRI|A|/issues/general/issue_140.issue
1514390171|GramThanos|A|/issues/general/issue_141.issue
1514398831|GramThanos|D|/issues/general/issue_141.issue
1515812253|ghost|D|/issues/general/issue_126.issue
1516229218|STEAKISAWAKE|A|/issues/general/issue_142.issue
1516489415|STEAKISAWAKE|D|/issues/general/issue_142.issue
1516820049|rybak|A|/issues/general/issue_143.issue
1516844771|DataDrug|A|/issues/general/issue_144.issue
1516893320|DataDrug|D|/issues/general/issue_144.issue
1518316478|billykwooten|D|/issues/general/issue_113.issue
1520934502|antgel|A|/issues/general/issue_145.issue
1521627803|antgel|D|/issues/general/issue_145.issue
1521668837|Bananeweizen|D|/issues/general/issue_139.issue
1522801269|quat1024|A|/issues/general/issue_146.issue
1523488147|Namingwaysway|A|/issues/general/issue_147.issue
1523543767|goeland86|A|/issues/general/issue_148.issue
1523616748|goeland86|D|/issues/general/issue_148.issue
1524079900|matthiaskrgr|A|/issues/general/issue_149.issue
1524080109|matthiaskrgr|A|/issues/general/issue_150.issue
1524499022|Nico Schlömer|M|/issues/general/issue_33.issue
1524545085|revelt|D|/issues/general/issue_123.issue
1525099879|Dogacel|A|/issues/general/issue_152.issue
1525791726|sjamisorc|A|/issues/general/issue_153.issue
1527831350|hktalent|A|/issues/general/issue_154.issue
1527832294|hktalent|D|/issues/general/issue_154.issue
1528461532|AMDmi3|A|/issues/general/issue_156.issue
1528503367|AMDmi3|D|/issues/general/issue_156.issue
1531601174|svdHero|A|/issues/general/issue_157.issue
1533336265|mu578|A|/issues/general/issue_159.issue
1534457380|Ruffo324|A|/issues/general/issue_160.issue
1534499921|andrewducker|A|/issues/general/issue_161.issue
1534534223|hafarooki|A|/issues/general/issue_162.issue
1534816614|andrewducker|D|/issues/general/issue_161.issue
1535119053|GSamuel|A|/issues/general/issue_163.issue
1535171890|skybldev|A|/issues/general/issue_164.issue
1535526214|SuddenGunter|A|/issues/general/issue_165.issue
1535528088|Catnippi|A|/issues/general/issue_166.issue
1535883077|SmallLars|A|/issues/general/issue_167.issue
1535901741|SmallLars|A|/issues/general/issue_168.issue
1536390257|bentley|A|/issues/general/issue_169.issue
1536498163|Lars Schmertmann|M|/issues/general/issue_168.issue
1536618384|SuddenGunter|D|/issues/general/issue_165.issue
1536707246|bentley|D|/issues/general/issue_169.issue
1536930585|Lars Schmertmann|M|/issues/general/issue_176.issue
1536930585|Lars Schmertmann|M|/issues/general/issue_167.issue
1537212477|Lars Schmertmann|M|/issues/general/issue_33.issue
1537290819|SmallLars|D|/issues/general/issue_167.issue
1537558917|SmallLars|A|/issues/general/issue_175.issue
1537717360|SmallLars|A|/issues/general/issue_176.issue
1537758897|nschloe|D|/issues/general/issue_33.issue
1537772012|SmallLars|D|/issues/general/issue_175.issue
1537841407|SmallLars|D|/issues/general/issue_168.issue
1537841608|hafarooki|D|/issues/general/issue_162.issue
1537841939|rgdoliveira|D|/issues/general/issue_131.issue
1538299918|Lars Schmertmann|M|/issues/general/issue_122.issue
1538304417|Lars Schmertmann|M|/issues/general/issue_122.issue
1539359725|SmallLars|A|/issues/general/issue_180.issue
1540379517|iostyle|A|/issues/general/issue_182.issue
1540702607|giggio|A|/issues/general/issue_183.issue
1540827505|giggio|D|/issues/general/issue_183.issue
1541496707|iostyle|D|/issues/general/issue_182.issue
1541549320|BenMakesGames|A|/issues/general/issue_184.issue
1544669811|taojintianxia|A|/issues/general/issue_185.issue
1545405307|hktalent|A|/issues/general/issue_186.issue
1546917740|Fennecai|A|/issues/general/issue_187.issue
1547971525|kb-1000|A|/issues/general/issue_188.issue
1548728967|Eric0liang|A|/issues/general/issue_189.issue
1551058953|hktalent|D|/issues/general/issue_186.issue
1551381223|Martin Vassor|M|/src/formats/git.cpp
1551381223|Martin Vassor|M|/src/formats/gitraw.cpp
1551381223|Martin Vassor|M|/issues/general/issue_190.issue
1551381354|Bromind|A|/issues/general/issue_190.issue
1551394625|Bromind|D|/issues/general/issue_190.issue
1551666245|sluongng|A|/issues/general/issue_192.issue
1551692735|arialdomartini|A|/issues/general/issue_193.issue
1553046236|wertercatt|A|/issues/general/issue_194.issue
1553697164|Vastrix|A|/issues/general/issue_195.issue
1554629022|bluelovers|A|/issues/general/issue_196.issue
1557488821|Simon Annetts|M|/src/formats/git.cpp
1557488821|Simon Annetts|M|/src/formats/gitraw.cpp
1557488821|Simon Annetts|M|/issues/general/issue_190.issue
1557504914|SimonAnnetts|A|/issues/general/issue_198.issue
1558432153|SudoCerb|A|/issues/general/issue_199.issue
1558526719|Wessheck|A|/issues/general/issue_200.issue
1558662929|chaitanyarahalkar|A|/issues/general/issue_201.issue
1558744363|chaitanyarahalkar|D|/issues/general/issue_201.issue
1558744630|chaitanyarahalkar|A|/issues/general/issue_202.issue
1559279713|chaitanyarahalkar|D|/issues/general/issue_202.issue
1559360995|wapisani|A|/issues/general/issue_203.issue
1559440095|wapisani|D|/issues/general/issue_203.issue
1560399002|peterdd|A|/issues/general/issue_204.issue
1560468272|SimonAnnetts|D|/issues/general/issue_198.issue
1562003386|bziemons|A|/issues/general/issue_205.issue
1562574732|Tvde1|A|/issues/general/issue_206.issue
1564372782|QuantumCoded|A|/issues/general/issue_207.issue
1564391966|QuantumCoded|D|/issues/general/issue_207.issue
1565024457|textarcana|A|/issues/general/issue_208.issue
1565553082|PF94|A|/issues/general/issue_209.issue
1565689262|paul-hammant|A|/issues/general/issue_210.issue
1566369863|catchingknives|A|/issues/general/issue_211.issue
1566459461|catchingknives|D|/issues/general/issue_211.issue
1566874938|textarcana|D|/issues/general/issue_208.issue
1566971976|Tvde1|D|/issues/general/issue_206.issue
1567310985|aaronfranke|A|/issues/general/issue_212.issue
1568568869|aaronfranke|A|/issues/general/issue_215.issue
1568859053|aaronfranke|D|/issues/general/issue_215.issue
1569611598|catchingknives|A|/issues/general/issue_216.issue
1570285935|david-a-wheeler|A|/issues/general/issue_217.issue
1570413421|david-a-wheeler|D|/issues/general/issue_217.issue
1571323949|nchutchind|A|/issues/general/issue_219.issue
1571349680|david-a-wheeler|A|/issues/general/issue_220.issue
1571787495|badvision|A|/issues/general/issue_221.issue
1572408194|peterdd|D|/issues/general/issue_204.issue
1572889788|lzkSteven|A|/issues/general/issue_222.issue
1572902473|lzkSteven|D|/issues/general/issue_222.issue
1572902489|badvision|D|/issues/general/issue_221.issue
1572953169|iCodeIT|A|/issues/general/issue_223.issue
1574315413|bluelovers|D|/issues/general/issue_196.issue
1574315431|Eric0liang|D|/issues/general/issue_189.issue
1574315525|taojintianxia|D|/issues/general/issue_185.issue
1574315569|SmallLars|D|/issues/general/issue_176.issue
1574315785|nschloe|D|/issues/general/issue_94.issue
1574315913|MrsTonedOne|D|/issues/general/issue_89.issue
1574316057|monyxie|D|/issues/general/issue_35.issue
1574316093|dchokola|D|/issues/general/issue_32.issue
1574424029|varac|A|/issues/general/issue_224.issue
1574867505|geoffreywiseman|A|/issues/general/issue_225.issue
1574888776|geoffreywiseman|D|/issues/general/issue_225.issue
1575966371|sriedel|A|/issues/general/issue_227.issue
1576853126|skuzzymiglet|A|/issues/general/issue_228.issue
1576855898|oleg-mtr|A|/issues/general/issue_229.issue
1578910080|GlebZemnieks|A|/issues/general/issue_230.issue
1579878082|Jacques-Olivier-Farcy|A|/issues/general/issue_231.issue
1580236037|volkert-fastned|A|/issues/general/issue_232.issue
1580236413|volkert-fastned|A|/issues/general/issue_233.issue
1580655908|Jacques-Olivier-Farcy|D|/issues/general/issue_231.issue
1582701960|catchingknives|D|/issues/general/issue_216.issue
1582805248|GlebZemnieks|D|/issues/general/issue_230.issue
1583704904|mhagnumdw|A|/issues/general/issue_235.issue
1585965941|ghost|A|/issues/general/issue_236.issue
1587046128|GiantLuigi4|A|/issues/general/issue_237.issue
1589545419|heliocarbex|A|/issues/general/issue_238.issue
1590583199|NBprojekt|A|/issues/general/issue_239.issue
1593615750|HaakonME|A|/issues/general/issue_240.issue
1596104496|byrne-greg|A|/issues/general/issue_241.issue
1597395398|acetylen|A|/issues/general/issue_242.issue
1598515600|NBprojekt|D|/issues/general/issue_239.issue
1599496476|0jrp0|A|/issues/general/issue_243.issue
1600311094|0jrp0|D|/issues/general/issue_243.issue
1600358805|donno2048|A|/issues/general/issue_244.issue
1600664034|0jrp0|A|/issues/general/issue_245.issue
1600878906|donno2048|A|/issues/general/issue_246.issue
1600984266|donno2048|D|/issues/general/issue_246.issue
1601880325|0jrp0|A|/issues/general/issue_247.issue
1602381404|Jeff Pitman|M|/issues/general/issue_247.issue
1602451351|donno2048|D|/issues/general/issue_244.issue
1602571427|Jeff Pitman|M|/issues/general/issue_93.issue
1602777021|PF94|D|/issues/general/issue_209.issue
1603898346|Seluj78|A|/issues/general/issue_250.issue
1604384445|Jeff Pitman|M|/issues/general/issue_93.issue
1604384488|Jeff Pitman|M|/issues/general/issue_93.issue
1604385288|Jeff Pitman|M|/issues/general/issue_247.issue
1604385968|Jeff Pitman|M|/issues/general/issue_247.issue
1604387098|0jrp0|A|/issues/general/issue_251.issue
1604543747|0jrp0|D|/issues/general/issue_247.issue
1604543879|Andrew Caudwell|M|/issues/general/issue_93.issue
1604544176|nschloe|D|/issues/general/issue_93.issue
1604950004|Catnippi|D|/issues/general/issue_166.issue
1605598731|Jeff Pitman|M|/issues/general/issue_251.issue
1606075159|0jrp0|A|/issues/general/issue_253.issue
1606224078|AlexisTM|A|/issues/general/issue_254.issue
1606868171|DavidKerrHighRoads|A|/issues/general/issue_255.issue
1606960566|DavidKerrHighRoads|D|/issues/general/issue_255.issue
1608348893|PF94|A|/issues/general/issue_257.issue
1608349982|PF94|D|/issues/general/issue_257.issue
1608985439|a-a-k|A|/issues/general/issue_260.issue
1609397268|skybldev|D|/issues/general/issue_164.issue
1609684077|ghost|A|/issues/general/issue_261.issue
1612880926|huornlmj|A|/issues/general/issue_263.issue
1614608055|Ruffo324|D|/issues/general/issue_160.issue
1618308647|julianstirling|A|/issues/general/issue_266.issue
1619635372|wtismyza|A|/issues/general/issue_267.issue
1623587706|dodgers76|A|/issues/general/issue_269.issue
1623658045|dodgers76|D|/issues/general/issue_269.issue
1623830552|renmin|A|/issues/general/issue_270.issue
1629348740|Robatortas|A|/issues/general/issue_271.issue
1629350253|Robatortas|D|/issues/general/issue_271.issue
1634178761|ghost|D|/issues/general/issue_261.issue
1635890135|Joenio Marques da Costa|M|/configure.ac
1635890135|Joenio Marques da Costa|M|/src/action.cpp
1635890135|Joenio Marques da Costa|M|/src/action.h
1635890135|Joenio Marques da Costa|M|/issues/general/issue_69.issue
1635895290|Joenio Marques da Costa|M|/configure.ac
1635895290|Joenio Marques da Costa|M|/src/action.cpp
1635895290|Joenio Marques da Costa|M|/issues/general/issue_69.issue
1640956863|vednoc|M|/issues/general/issue_104.issue
1641990402|patrickklaeren|A|/issues/general/issue_276.issue
1642035458|patrickklaeren|D|/issues/general/issue_276.issue
1642088698|KonradHoeffner|A|/issues/general/issue_277.issue
1642622642|pietsoftwaretogo|A|/issues/general/issue_278.issue
1642801661|andyquinterom|M|/issues/general/issue_66.issue
1644654483|Ozzah|A|/issues/general/issue_280.issue
1644829043|delanym|A|/issues/general/issue_281.issue
1644873746|delanym|D|/issues/general/issue_281.issue
1646864298|vednoc|M|/issues/general/issue_104.issue
1646898550|Ozzah|D|/issues/general/issue_280.issue
1646923544|vednoc|M|/issues/general/issue_104.issue
1647039003|vednoc|M|/issues/general/issue_104.issue
1647040447|vednoc|M|/issues/general/issue_104.issue
1647114825|vednoc|M|/issues/general/issue_104.issue
1647128243|vednoc|M|/issues/general/issue_104.issue
1647296588|vednoc|M|/issues/general/issue_104.issue
1647338464|vednoc|M|/issues/general/issue_104.issue
1647338883|vednoc|M|/issues/general/issue_104.issue
1648126307|Thalley|A|/issues/general/issue_283.issue
1648195896|verhovsky|A|/issues/general/issue_284.issue
1648196975|verhovsky|A|/issues/general/issue_285.issue
1648242157|Boris Verkhovskiy|M|/issues/general/issue_284.issue
1648248713|verhovsky|D|/issues/general/issue_284.issue
1649237651|paul-uz|A|/issues/general/issue_286.issue
1650630948|codl|A|/issues/general/issue_288.issue
1651211774|codl|D|/issues/general/issue_288.issue
1651362153|renmin|D|/issues/general/issue_270.issue
1651362164|paul-uz|D|/issues/general/issue_286.issue
1651362205|KonradHoeffner|D|/issues/general/issue_277.issue
1652196110|soulteary|A|/issues/general/issue_289.issue
1652257126|eXpire163|A|/issues/general/issue_290.issue
1657482346|jgarte|A|/issues/general/issue_291.issue
1663345583|mathomp4|A|/issues/general/issue_293.issue
1665278561|mysticaltech|A|/issues/general/issue_294.issue
1665566936|jawn|A|/issues/general/issue_295.issue
1665670910|jawn|D|/issues/general/issue_295.issue
1666579659|wybert|A|/issues/general/issue_296.issue
1666626691|wybert|D|/issues/general/issue_296.issue
1673482604|eXpire163|D|/issues/general/issue_290.issue
1673482630|jgarte|D|/issues/general/issue_291.issue
1673483100|verhovsky|D|/issues/general/issue_285.issue
1674091543|soulteary|D|/issues/general/issue_289.issue
1674132002|sheldonreddy|A|/issues/general/issue_298.issue
1674137358|sheldonreddy|D|/issues/general/issue_298.issue
1675028652|matthiaskrgr|A|/issues/general/issue_299.issue
1675028732|matthiaskrgr|A|/issues/general/issue_300.issue
1680039555|Seluj78|D|/issues/general/issue_250.issue
1680279141|Enzx|A|/issues/general/issue_302.issue
1680305870|Enzx|D|/issues/general/issue_302.issue
1683472686|Ben-Fenner|A|/issues/general/issue_304.issue
1683782024|Ben-Fenner|D|/issues/general/issue_304.issue
1686722435|FrostKiwi|A|/issues/general/issue_305.issue
1688083862|svdHero|D|/issues/general/issue_157.issue
1688258520|Oliver Kopp|M|/issues/general/issue_207.issue
1688258892|Oliver Kopp|M|/issues/general/issue_207.issue
1688258961|Oliver Kopp|M|/issues/general/issue_207.issue
1688259253|Oliver Kopp|M|/issues/general/issue_207.issue
1688259579|Oliver Kopp|M|/issues/general/issue_207.issue
1688259911|Oliver Kopp|M|/issues/general/issue_207.issue
1688305089|Oliver Kopp|M|/issues/general/issue_207.issue
1688311671|Oliver Kopp|M|/issues/general/issue_207.issue
1688311740|Oliver Kopp|M|/issues/general/issue_207.issue
1688311875|Oliver Kopp|M|/issues/general/issue_207.issue
1688325640|Oliver Kopp|M|/issues/general/issue_207.issue
1688326144|Oliver Kopp|M|/issues/general/issue_207.issue
1688326221|Oliver Kopp|M|/issues/general/issue_207.issue
1688332125|Oliver Kopp|M|/issues/general/issue_207.issue
1688339385|Oliver Kopp|M|/issues/general/issue_207.issue
1692567488|mawi13|A|/issues/general/issue_306.issue
1692860274|davidjeddy|D|/issues/general/issue_137.issue
1693544293|taliyahpottruff|A|/issues/general/issue_307.issue
1696534065|kehiy|A|/issues/general/issue_308.issue
1697234080|adamency|A|/issues/general/issue_309.issue
1697253413|kehiy|D|/issues/general/issue_308.issue
1697253970|adamency|D|/issues/general/issue_309.issue
1697531099|TheSunCat|A|/issues/general/issue_310.issue
1697602543|FrostKiwi|A|/issues/general/issue_311.issue
1698962486|nixinator|A|/issues/general/issue_312.issue
1699159362|nixinator|A|/issues/general/issue_314.issue
1701309152|vbjay|A|/issues/general/issue_315.issue
1703160787|robert-heinzmann-logmein|A|/issues/general/issue_316.issue
1703181569|epugh|A|/issues/general/issue_317.issue
1703220948|epugh|D|/issues/general/issue_317.issue
1704423556|EricLiclair|A|/issues/general/issue_318.issue
1705853969|kevgo|A|/issues/general/issue_319.issue
1705877361|kevgo|D|/issues/general/issue_319.issue
1706375984|ayeseeem|A|/issues/general/issue_320.issue
1706582821|david-a-wheeler|D|/issues/general/issue_220.issue
1706583140|ayeseeem|D|/issues/general/issue_320.issue
1710514332|Ben-Fenner|A|/issues/general/issue_322.issue
1713448100|bh3605|A|/issues/general/issue_324.issue
1714432447|Ben-Fenner|D|/issues/general/issue_322.issue
1715752585|realyukii|A|/issues/general/issue_327.issue
1715755779|realyukii|D|/issues/general/issue_327.issue
1718387474|xuchen81|A|/issues/general/issue_328.issue
1718837921|xuchen81|D|/issues/general/issue_328.issue
1719230208|cmy2008|A|/issues/general/issue_329.issue
1720866469|yettey74|A|/issues/general/issue_330.issue
1726011180|HenraL|A|/issues/general/issue_331.issue
1727683861|cmy2008|D|/issues/general/issue_329.issue
1734899272|cybercoder-naj|A|/issues/general/issue_333.issue
1736317246|Crown0815|A|/issues/general/issue_334.issue
1739416227|Oxymoron290|A|/issues/general/issue_337.issue
1741523959|Jakob Lorenz|M|/issues/general/issue_333.issue
1741607131|Jakob Lorenz|M|/issues/general/issue_333.issue
1741639064|Tampa|A|/issues/general/issue_339.issue
1744290742|OwenTheBowen|A|/issues/general/issue_341.issue
1745350078|cryptomilk|A|/issues/general/issue_342.issue
1745406190|Sarkie|A|/issues/general/issue_343.issue
1745925539|bitpaint|A|/issues/general/issue_344.issue
1748121413|kumavis|A|/issues/general/issue_345.issue
1748871951|Oliver Kopp|M|/issues/general/issue_84.issue
1748872130|Oliver Kopp|M|/issues/general/issue_84.issue
1748873922|Oliver Kopp|M|/issues/general/issue_84.issue
1748884376|Oliver Kopp|M|/issues/general/issue_84.issue
1748884383|Oliver Kopp|M|/issues/general/issue_84.issue
1749804429|davidjeddy|A|/issues/general/issue_346.issue
1750058146|davidjeddy|D|/issues/general/issue_346.issue
1754853610|Michael Cho|M|/issues/general/issue_348.issue
1754853630|Michael Cho|M|/issues/general/issue_348.issue
1754853722|Michael Cho|M|/issues/general/issue_348.issue
1754853734|Michael Cho|M|/issues/general/issue_348.issue
1754853898|Michael Cho|M|/issues/general/issue_348.issue
1754855178|Michael Cho|M|/issues/general/issue_348.issue
1754855179|Michael Cho|M|/issues/general/issue_348.issue
1754855179|Michael Cho|M|/issues/general/issue_348.issue
1754855179|Michael Cho|M|/issues/general/issue_348.issue
1754855180|Michael Cho|M|/issues/general/issue_348.issue
1754855180|Michael Cho|M|/issues/general/issue_348.issue
1754855180|Michael Cho|M|/issues/general/issue_348.issue
1754855180|Michael Cho|M|/issues/general/issue_348.issue
1754855180|Michael Cho|M|/issues/general/issue_348.issue
1754855180|Michael Cho|M|/issues/general/issue_348.issue
1754855180|Michael Cho|M|/issues/general/issue_348.issue
1754855181|Michael Cho|M|/issues/general/issue_348.issue
1754855181|Michael Cho|M|/issues/general/issue_348.issue
1754855181|Michael Cho|M|/issues/general/issue_348.issue
1754855181|Michael Cho|M|/issues/general/issue_348.issue
1754855181|Michael Cho|M|/issues/general/issue_348.issue
1754855181|Michael Cho|M|/issues/general/issue_348.issue
1754855181|Michael Cho|M|/issues/general/issue_348.issue
1754855181|Michael Cho|M|/issues/general/issue_348.issue
1754855182|Michael Cho|M|/issues/general/issue_348.issue
1754855182|Michael Cho|M|/issues/general/issue_348.issue
1754855182|Michael Cho|M|/issues/general/issue_348.issue
1754855182|Michael Cho|M|/issues/general/issue_348.issue
1754855182|Michael Cho|M|/issues/general/issue_348.issue
1754883338|Michael Cho|M|/issues/general/issue_348.issue
1754927511|cho-m|A|/issues/general/issue_348.issue
1755100315|cho-m|D|/issues/general/issue_348.issue
1758645725|the-overdriven|A|/issues/general/issue_350.issue
1759237408|zimonitrome|M|/issues/general/issue_223.issue
1759237408|zimonitrome|M|/issues/general/issue_147.issue
1759237408|zimonitrome|M|/issues/general/issue_91.issue
1759237408|zimonitrome|M|/issues/general/issue_54.issue
1759237459|zimonitrome|M|/issues/general/issue_223.issue
1759237459|zimonitrome|M|/issues/general/issue_147.issue
1759237459|zimonitrome|M|/issues/general/issue_91.issue
1759237459|zimonitrome|M|/issues/general/issue_54.issue
1766342260|Joenio Marques da Costa|M|/src/action.cpp
1766342260|Joenio Marques da Costa|M|/src/action.h
1766342260|Joenio Marques da Costa|M|/src/action_sound.cpp
1766342260|Joenio Marques da Costa|M|/src/action_sound.h
1766342260|Joenio Marques da Costa|M|/src/csound.csd
1766342260|Joenio Marques da Costa|M|/issues/general/issue_69.issue
